                            M               M
                            W               W
                          MMMMM           MMMMM
                          WWWWW           WWWWW
                        MMMMMMMMM       MMMMMMMMM
                        WWWWWWWWW       WWWWWWWWW
                      MMMMMMMMMMMMM   MMMMMMMMMMMMM
                      WWWWWWWWWWWWW   WWWWWWWWWWWWW
                    MMMMMMMMMMMMMMMMMMMMMMMMMMMMMMMMM
                    WWWWWWWWWWWWWWWWWWWWWWWWWWWWWWWWW
                    MMMMMMMM MMMMMMMMMMMMMMM MMMMMMMM
                    WWWWWWWW WWWWWWWWWWWWWWW WWWWWWWW
                    MMMMMM     MMMMMMMMMMM     MMMMMM
                    WWWWWW     WWWWWWWWWWW     WWWWWW
                    MMMM         MMMMMMM         MMMM
                    WWWW         WWWWWWW         WWWW
                    MM             MMM             MM
                    WW             WWW             WW
                    M               M               M
                    W               W               W
                    MM             MMM             MM
                    WW             WWW             WW
                    MMMM         MMMMMMM         MMMM
                    WWWW         WWWWWWW         WWWW
                    MMMMMM     MMMMMMMMMMM     MMMMMM
                    WWWWWW     WWWWWWWWWWW     WWWWWW
                    MMMMMMMM MMMMMMMMMMMMMMM MMMMMMMM
                    WWWWWWWW WWWWWWWWWWWWWWW WWWWWWWW
                    MMMMMMMMMMMMMMMMMMMMMMMMMMMMMMMMM
                    WWWWWWWWWWWWWWWWWWWWWWWWWWWWWWWWW
                      MMMMMMMMMMMMM   MMMMMMMMMMMMM
                      WWWWWWWWWWWWW   WWWWWWWWWWWWW
                        MMMMMMMMM       MMMMMMMMM
                        WWWWWWWWW       WWWWWWWWW
                          MMMMM           MMMMM
                          WWWWW           WWWWW
                            M               M
                            W               W

             version:  Marc 2013.1.0, Build 230727  build date: Sat Oct 26 13:00:39 2013

             machine type: Windows

             integer*4 version: integers are 32-bits

             date: Tue Apr 03 13:10:26 2018


             (c) COPYRIGHT 2013 MSC Software Corporation, all rights reserved

                     Marc 2013.1.0 - W i n d o w s       

                     i n p u t   d a t a


                p a g e          1

                             10        20        30        40        50        60        70        80        90       100       110       120       130       140       150       160
                     ----------------------------------------------------------------------------------------------------------------------------------------------------------------
                     title               Compression
                     $....MARC input file produced by Marc Mentat 2013.1.0 (64bit)
                     $...................................
                     $....input file using extended precision
    card         5   extended
                     $...................................
                     sizing                                 0    687096    148497         0
                     alloc                       25
                     elements                   134
    card        10   version                     11
                     table                        0         0         2         1         1         0         0         1
                     processor                    1         1         1         0
                     ----------------------------------------------------------------------------------------------------------------------------------------------------------------
                             10        20        30        40        50        60        70        80        90       100       110       120       130       140       150       160
                     ----------------------------------------------------------------------------------------------------------------------------------------------------------------
                     ----------------------------------------------------------------------------------------------------------------------------------------------------------------
1
             general memory increasing from      25 MByte to      53 MByte


             memory increased to        14001932 words during 
             pre-reading of sets



   MSC Customer Entitlement ID
        56AC76BE-284A4A49



                    *************************************************
                    *************************************************

                     program sizing and options requested as follows



                     element type requested*************************       134
                     number of elements in mesh*********************    687096
                     number of nodes in mesh************************    148497
                     load correction was suppressed*****************
                     number of constraint(tying) equations**********      2047
                     number of retained nodes plus one**************         8
                     elastic re-analysis flagged********************
                     values stored at all integration points********
                     tape no.for input of coordinates + connectivity         5
                     no.of different materials    1 max.no of slopes         5
                     number of points on shell section *************        11
                     new style input format will be used************
                     total number of tasks   used ******************         1
                     total number of threads used ******************         1
                     total number of processors used ***************         1
                     extended precision input is used ************** 
                     Marc input version ****************************        11
                     maximum number of boundary conditions *********         2
                     suppress echo of list items *******************
                     suppress echo of bc summary *******************
                     suppress echo of nurbs data *******************


                     end of parameters and sizing
                    *************************************************
                    *************************************************





                              key to stress, strain and displacement output



                                        element type       134


                              4-node isoparametric tetrahedral                       

                              stresses and strains in global directions               
                                1=xx                                                  
                                2=yy                                                  
                                3=zz                                                  
                                4=xy                                                  
                                5=yz                                                  
                                6=xz                                                  
                                                                                      
                              displacements in global directions                      
                                1=u global x direction                                
                                2=v global y direction                                
                                3=w global w direction                                

             allocated   39203215 words of memory due to nodal vectors


             allocated        568 words of memory due to boundary conditions


             allocated          7 words of memory due to geometric points


             allocated         32 words of memory due to geometric curves


             allocated         15 words of memory due to geometric surfaces


             allocated     296994 words of memory due to shell, user or contact transformations


             allocated      49131 words of memory due to tyings


             allocated         14 words of memory due to tyings

             general memory increasing from      53 MByte to      98 MByte


             memory increased to        25927999 words during 
             sizing for element storage



             allocated        566 words of memory due to boundary conditions


             allocated         12 words of memory due to tyings



             workspace needed for input and stiffness assembly:        21927999


             internal core allocation parameters
             degrees of freedom per node (ndeg)  6
             max. number of coordinates per node  3
             max. nodes per element (nnodmx)  4
             max. invariants per int. points (neqst)  1
             max.stress components per int. point (nstrmx)   6
             strains per integration point (ngens)  6


             flag for element storage (ielsto)  0
             element data in core

             memory usage per element group
                group   # elements     nelsto      MByte            words
                  1       687096         200         524         137419200
                ----------------------------------------------------------
                total     687096                     524         137419200


                              internal element variables



                              internal element number         1  library code type  134
                              number of nodes=  4
                              stresses stored per integration point =  6
                              direct continuum components stored =  3
                              shear continuum components stored =  3
                              shell/beam flag = 0
                              curvilinear  coord. flag = 0
                              int.points for elem. stiffness  1
                              number of local inertia directions  3
                              int.point for print if all points not flagged  1
                              int. points for dist. surface loads (pressure)  4
                              library code type =   134
                              large disp. row counts     6    6    6   11   11   11



                              residual load correction is switched off



             $...................                                                                                                                                            

             solver                                                                                                                                                          
             ----------


             multifrontal direct sparse solver invoked

             optimize                    11                                                                                                                                  
             ----------



             metis nested dissection algorithm

             connectivity                                                                                                                                                    
             ----------

                meshr1,  iprnt
                      5      1
                elem no., type,        nodes

             coordinates                                                                                                                                                     
             ----------

             ncrd1 ,meshr1,iprnt
                    3         5         1
                   node      coordinates

             define              node                set                 rbe2_1_nodes                                                                                        
             ----------

             a list of nodes given below 
                 83254     83257     83267     83274     85304     85305     85306     85307     85308     85309     85310     85311     85312
                     echo suppressed for      1334 items
                     total number of items read:      1347

             define              node                set                 Fixed_nodes                                                                                         
             ----------

             a list of nodes given below 
                148495

             define              node                set                 rbe2_2_nodes                                                                                        
             ----------

             a list of nodes given below 
                 83248     83249     83269     83271     85220     85221     85222     85223     85224     85225     85226     85227     85228
                     echo suppressed for       337 items
                     total number of items read:       350

             define              node                set                 rbe2_3_nodes                                                                                        
             ----------

             a list of nodes given below 
                 83258     83259     83260     83264     85448     85449     85450     85451     85452     85453     85454     85455     85456
                     echo suppressed for       337 items
                     total number of items read:       350

             define              node                set                 Compression_nodes                                                                                   
             ----------

             a list of nodes given below 
                148496    148497

             isotropic                                                                                                                                                       
             ----------


             isotropic material  material id =          1
              elastic    yield criteria
              isotropic  hardening rule

             material name is:       material1               


                 structural  property                         value       table id


             Youngs modulus                              6.90000E+04         0
             Poissons ratio                              3.30000E-01         0
             mass density                                0.00000E+00         0
             shear modulus                               2.59398E+04         0
             coefficient of thermal expansion            0.00000E+00         0
             Yield stress                                1.00000E+20         0
             cost per unit volume                        0.00000E+00         0
             cost per unit mass                          0.00000E+00         0


             from element          1 to element     687096 by          1

             fixed disp                                                                                                                                                      
             ----------


             read data from unit    5

             name of boundary condition Fixed

             Displacements are applied incrementally relative to current position

             Prescribed Displacement for dof  1 =      0.00000E+00  table id is        0

             Prescribed Displacement for dof  2 =      0.00000E+00  table id is        0

             Prescribed Displacement for dof  3 =      0.00000E+00  table id is        0

             Prescribed Displacement for dof  4 =      0.00000E+00  table id is        0

             Prescribed Displacement for dof  5 =      0.00000E+00  table id is        0

             Prescribed Displacement for dof  6 =      0.00000E+00  table id is        0

             applied to node ids       

             Fixed_nodes                                                                                                                                                     

             point load                                                                                                                                                      
             ----------


             read data from unit    5

             name of boundary condition Compression

             Prescribed Nodal Force    =      0.00000E+00  table id is        0

             Prescribed Nodal Force    =      2.50000E+02  table id is        0

             Prescribed Nodal Force    =      0.00000E+00  table id is        0

             Prescribed Nodal Force    =      0.00000E+00  table id is        0

             Prescribed Nodal Force    =      0.00000E+00  table id is        0

             Prescribed Nodal Force    =      0.00000E+00  table id is        0

             applied to node ids       

             Compression_nodes                                                                                                                                               

             loadcase            Compression                                                                                                                                 
             ----------


             activate boundary condition Fixed

             activate boundary condition Compression

             rbe2                                                                                                                                                            
             ----------

             read from unit     5
             tying number                 =         1 to       1347
             reference node               =    148495
             DOF of the tied nodes        =         0
             number of tied nodes in list =      1347
             list of tied nodes:
                  83254     83257     83267     83274     85304     85305     85306     85307
                  85308     85309     85310     85311     85312     85313     85314     85315
                  85316     85317     85318     85319     85320     85321     85322     85323
                  85324     85325     85326     85327     85328     85329     85330     85331
                  85332     85333     85334     85335     85336     85337     85338     85339
                  85340     85341     85342     85343     85344     85345     85346     85347
                  85348     85349     85350     85351     85352     85353     85354     85355
                  85356     85357     85358     85359     85360     85361     85362     85363
                  85364     85365     85366     85367     85368     85369     85370     85371
                  85372     85373     85374     85375     85376     85377     85378     85379
                  85380     85381     85382     85383     85384     85385     85386     85387
                  85388     85389     85390     85391     85392     85393     85394     85395
                  85396     85397     85398     85399    112712    112713    112714    112715
                 112716    112717    112718    112719    112720    112721    112722    112723
                 112724    112725    112726    112727    112728    112729    112730    112731
                 112732    112733    112734    112735    112736    112737    112738    112739
                 112740    112741    112742    112743    112744    112745    112746    112747
                 112748    112749    112750    112751    112752    112753    112754    112755
                 112756    112757    112758    112759    112760    112761    112762    112763
                 112764    112765    112766    112767    112768    112769    112770    112771
                 112772    112773    112774    112775    112776    112777    112778    112779
                 112780    112781    112782    112783    112784    112785    112786    112787
                 112788    112789    112790    112791    112792    112793    112794    112795
                 112796    112797    112798    112799    112800    112801    112802    112803
                 112804    112805    112806    112807    112808    112809    112810    112811
                 112812    112813    112814    112815    112816    112817    112818    112819
                 112820    112821    112822    112823    112824    112825    112826    112827
                 112828    112829    112830    112831    112832    112833    112834    112835
                 112836    112837    112838    112839    112840    112841    112842    112843
                 112844    112845    112846    112847    112848    112849    112850    112851
                 112852    112853    112854    112855    112856    112857    112858    112859
                 112860    112861    112862    112863    112864    112865    112866    112867
                 112868    112869    112870    112871    112872    112873    112874    112875
                 112876    112877    112878    112879    112880    112881    112882    112883
                 112884    112885    112886    112887    112888    112889    112890    112891
                 112892    112893    112894    112895    112896    112897    112898    112899
                 112900    112901    112902    112903    112904    112905    112906    112907
                 112908    112909    112910    112911    112912    112913    112914    112915
                 112916    112917    112918    112919    112920    112921    112922    112923
                 112924    112925    112926    112927    112928    112929    112930    112931
                 112932    112933    112934    112935    112936    112937    112938    112939
                 112940    112941    112942    112943    112944    112945    112946    112947
                 112948    112949    112950    112951    112952    112953    112954    112955
                 112956    112957    112958    112959    112960    112961    112962    112963
                 112964    112965    112966    112967    112968    112969    112970    112971
                 112972    112973    112974    112975    112976    112977    112978    112979
                 112980    112981    112982    112983    112984    112985    112986    112987
                 112988    112989    112990    112991    112992    112993    112994    112995
                 112996    112997    112998    112999    113000    113001    113002    113003
                 113004    113005    113006    113007    113008    113009    113010    113011
                 113012    113013    113014    113015    113016    113017    113018    113019
                 113020    113021    113022    113023    113024    113025    113026    113027
                 113028    113029    113030    113031    113032    113033    113034    113035
                 113036    113037    113038    113039    113040    113041    113042    113043
                 113044    113045    113046    113047    113048    113049    113050    113051
                 113052    113053    113054    113055    113056    113057    113058    113059
                 113060    113061    113062    113063    113064    113065    113066    113067
                 113068    113069    113070    113071    113072    113073    113074    113075
                 113076    113077    113078    113079    113080    113081    113082    113083
                 113084    113085    113086    113087    113088    113089    113090    113091
                 113092    113093    113094    113095    113096    113097    113098    113099
                 113100    113101    113102    113103    113104    113105    113106    113107
                 113108    113109    113110    113111    113112    113113    113114    113115
                 113116    113117    113118    113119    113120    113121    113122    113123
                 113124    113125    113126    113127    113128    113129    113130    113131
                 113132    113133    113134    113135    113136    113137    113138    113139
                 113140    113141    113142    113143    113144    113145    113146    113147
                 113148    113149    113150    113151    113152    113153    113154    113155
                 113156    113157    113158    113159    113160    113161    113162    113163
                 113164    113165    113166    113167    113168    113169    113170    113171
                 113172    113173    113174    113175    113176    113177    113178    113179
                 113180    113181    113182    113183    113184    113185    113186    113187
                 113188    113189    113190    113191    113192    113193    113194    113195
                 113196    113197    113198    113199    113200    113201    113202    113203
                 113204    113205    113206    113207    113208    113209    113210    113211
                 113212    113213    113214    113215    113216    113217    113218    113219
                 113220    113221    113222    113223    113224    113225    113226    113227
                 113228    113229    113230    113231    113232    113233    113234    113235
                 113236    113237    113238    113239    113240    113241    113242    113243
                 113244    113245    113246    113247    113248    113249    113250    113251
                 113252    113253    113254    113255    113256    113257    113258    113259
                 113260    113261    113262    113263    113264    113265    113266    113267
                 113268    113269    113270    113271    113272    113273    113274    113275
                 113276    113277    113278    113279    113280    113281    113282    113283
                 113284    113285    113286    113287    113288    113289    113290    113291
                 113292    113293    113294    113295    113296    113297    113298    113299
                 113300    113301    113302    113303    113304    113305    113306    113307
                 113308    113309    113310    113311    113312    113313    113314    113315
                 113316    113317    113318    113319    113320    113321    113322    113323
                 113324    113325    113326    113327    113328    113329    113330    113331
                 113332    113333    113334    113335    113336    113337    113338    113339
                 113340    113341    113342    113343    113344    113345    113346    113347
                 113348    113349    113350    113351    113352    113353    113354    113355
                 113356    113357    113358    113359    113360    113361    113362    113363
                 113364    113365    113366    113367    113368    113369    113370    113371
                 113372    113373    113374    113375    113376    113377    113378    113379
                 113380    113381    113382    113383    113384    113385    113386    113387
                 113388    113389    113390    113391    113392    113393    113394    113395
                 113396    113397    113398    113399    113400    113401    113402    113403
                 113404    113405    113406    113407    113408    113409    113410    113411
                 113412    113413    113414    113415    113416    113417    113418    113419
                 113420    113421    113422    113423    113424    113425    113426    113427
                 113428    113429    113430    113431    113432    113433    113434    113435
                 113436    113437    113438    113439    113440    113441    113442    113443
                 113444    113445    113446    113447    113448    113449    113450    113451
                 113452    113453    113454    113455    113456    113457    113458    113459
                 113460    113461    113462    113463    113464    113465    113466    113467
                 113468    113469    113470    113471    113472    113473    113474    113475
                 113476    113477    113478    113479    113480    113481    113482    113483
                 113484    113485    113486    113487    113488    113489    113490    113491
                 113492    113493    113494    113495    113496    113497    113498    113499
                 113500    113501    113502    113503    113504    113505    113506    113507
                 113508    113509    113510    113511    113512    113513    113514    113515
                 113516    113517    113518    113519    113520    113521    113522    113523
                 113524    113525    113526    113527    113528    113529    113530    113531
                 113532    113533    113534    113535    113536    113537    113538    113539
                 113540    113541    113542    113543    113544    113545    113546    113547
                 113548    113549    113550    113551    113552    113553    113554    113555
                 113556    113557    113558    113559    113560    113561    113562    113563
                 113564    113565    113566    113567    113568    113569    113570    113571
                 113572    113573    113574    113575    113576    113577    113578    113579
                 113580    113581    113582    113583    113584    113585    113586    113587
                 113588    113589    113590    113591    113592    113593    113594    113595
                 113596    113597    113598    113599    113600    113601    113602    113603
                 113604    113605    113606    113607    113608    113609    113610    113611
                 113612    113613    113614    113615    113616    113617    113618    113619
                 113620    113621    113622    113623    113624    113625    113626    113627
                 113628    113629    113630    113631    113632    113633    113634    113635
                 113636    113637    113638    113639    113640    113641    113642    113643
                 113644    113645    113646    113647    113648    113649    113650    113651
                 113652    113653    113654    113655    113656    113657    113658    113659
                 113660    113661    113662    113663    113664    113665    113666    113667
                 113668    113669    113670    113671    113672    113673    113674    113675
                 113676    113677    113678    113679    113680    113681    113682    113683
                 113684    113685    113686    113687    113688    113689    113690    113691
                 113692    113693    113694    113695    113696    113697    113698    113699
                 113700    113701    113702    113703    113704    113705    113706    113707
                 113708    113709    113710    113711    113712    113713    113714    113715
                 113716    113717    113718    113719    113720    113721    113722    113723
                 113724    113725    113726    113727    113728    113729    113730    113731
                 113732    113733    113734    113735    113736    113737    113738    113739
                 113740    113741    113742    113743    113744    113745    113746    113747
                 113748    113749    113750    113751    113752    113753    113754    113755
                 113756    113757    113758    113759    113760    113761    113762    113763
                 113764    113765    113766    113767    113768    113769    113770    113771
                 113772    113773    113774    113775    113776    113777    113778    113779
                 113780    113781    113782    113783    113784    113785    113786    113787
                 113788    113789    113790    113791    113792    113793    113794    113795
                 113796    113797    113798    113799    113800    113801    113802    113803
                 113804    113805    113806    113807    113808    113809    113810    113811
                 113812    113813    113814    113815    113816    113817    113818    113819
                 113820    113821    113822    113823    113824    113825    113826    113827
                 113828    113829    113830    113831    113832    113833    113834    113835
                 113836    113837    113838    113839    113840    113841    113842    113843
                 113844    113845    113846    113847    113848    113849    113850    113851
                 113852    113853    113854    113855    113856    113857    113858    113859
                 113860    113861    113862    113863    113864    113865    113866    113867
                 113868    113869    113870    113871    113872    113873    113874    113875
                 113876    113877    113878    113879    113880    113881    113882    113883
                 113884    113885    113886    113887    113888    113889    113890    113891
                 113892    113893    113894    113895    113896    113897    113898    113899
                 113900    113901    113902    113903    113904    113905    113906    113907
                 113908    113909    113910    113911    113912    113913    113914    113915
                 113916    113917    113918    113919    113920    113921    113922    113923
                 113924    113925    113926    113927    113928    113929    113930    113931
                 113932    113933    113934    113935    113936    113937    113938    113939
                 113940    113941    113942    113943    113944    113945    113946    113947
                 113948    113949    113950    113951    113952    113953    113954    113955
                 113956    113957    113958
             tying number                 =      1348 to       1697
             reference node               =    148496
             DOF of the tied nodes        =         0
             number of tied nodes in list =       350
             list of tied nodes:
                  83248     83249     83269     83271     85220     85221     85222     85223
                  85224     85225     85226     85227     85228     85229     85230     85231
                  85232     85233     85234     85235     85236     85237     85238     85239
                  85240     85241     85242     85243     85244     85245     85246     85247
                  85248     85249     85250     85251     85252     85253     85254     85255
                  85256     85257     85258     85259     85260     85261     85262     85263
                  85264     85265     85266     85267     85400     85401     85402     85403
                  85404     85405     85406     85407     85408     85409     85410     85411
                  85412     85413     85414     85415     85416     85417     85418     85419
                  85420     85421     85422     85423     85424     85425     85426     85427
                  85428     85429     85430     85431     85432     85433     85434     85435
                  85436     85437     85438     85439     85440     85441     85442     85443
                  85444     85445     85446     85447    148245    148246    148247    148248
                 148249    148250    148251    148252    148253    148254    148255    148256
                 148257    148258    148259    148260    148261    148262    148263    148264
                 148265    148266    148267    148268    148269    148270    148271    148272
                 148273    148274    148275    148276    148277    148278    148279    148280
                 148281    148282    148283    148284    148285    148286    148287    148288
                 148289    148290    148291    148292    148293    148294    148295    148296
                 148297    148298    148299    148300    148301    148302    148303    148304
                 148305    148306    148307    148308    148309    148310    148311    148312
                 148313    148314    148315    148316    148317    148318    148319    148320
                 148321    148322    148323    148324    148325    148326    148327    148328
                 148329    148330    148331    148332    148333    148334    148335    148336
                 148337    148338    148339    148340    148341    148342    148343    148344
                 148345    148346    148347    148348    148349    148350    148351    148352
                 148353    148354    148355    148356    148357    148358    148359    148360
                 148361    148362    148363    148364    148365    148366    148367    148368
                 148369    148370    148371    148372    148373    148374    148375    148376
                 148377    148378    148379    148380    148381    148382    148383    148384
                 148385    148386    148387    148388    148389    148390    148391    148392
                 148393    148394    148395    148396    148397    148398    148399    148400
                 148401    148402    148403    148404    148405    148406    148407    148408
                 148409    148410    148411    148412    148413    148414    148415    148416
                 148417    148418    148419    148420    148421    148422    148423    148424
                 148425    148426    148427    148428    148429    148430    148431    148432
                 148433    148434    148435    148436    148437    148438    148439    148440
                 148441    148442    148443    148444    148445    148446    148447    148448
                 148449    148450    148451    148452    148453    148454    148455    148456
                 148457    148458    148459    148460    148461    148462    148463    148464
                 148465    148466    148467    148468    148469    148470    148471    148472
                 148473    148474    148475    148476    148477    148478    148479    148480
                 148481    148482    148483    148484    148485    148486    148487    148488
                 148489    148490    148491    148492    148493    148494
             tying number                 =      1698 to       2047
             reference node               =    148497
             DOF of the tied nodes        =         0
             number of tied nodes in list =       350
             list of tied nodes:
                  83258     83259     83260     83264     85448     85449     85450     85451
                  85452     85453     85454     85455     85456     85457     85458     85459
                  85460     85461     85462     85463     85464     85465     85466     85467
                  85468     85469     85470     85471     85472     85473     85474     85475
                  85476     85477     85478     85479     85480     85481     85482     85483
                  85484     85485     85486     85487     85488     85489     85490     85491
                  85492     85493     85494     85495     85496     85497     85498     85499
                  85500     85501     85502     85503     85504     85505     85506     85507
                  85508     85509     85510     85511     85512     85513     85514     85515
                  85516     85517     85518     85519     85520     85521     85522     85523
                  85524     85525     85526     85527     85528     85529     85530     85531
                  85532     85533     85534     85535     85536     85537     85538     85539
                  85540     85541     85542     85543    137400    137401    137402    137403
                 137404    137405    137406    137407    137408    137409    137410    137411
                 137412    137413    137414    137415    137416    137417    137418    137419
                 137420    137421    137422    137423    137424    137425    137426    137427
                 137428    137429    137430    137431    137432    137433    137434    137435
                 137436    137437    137438    137439    137440    137441    137442    137443
                 137444    137445    137446    137447    137448    137449    137450    137451
                 137452    137453    137454    137455    137456    137457    137458    137459
                 137460    137461    137462    137463    137464    137465    137466    137467
                 137468    137469    137470    137471    137472    137473    137474    137475
                 137476    137477    137478    137479    137480    137481    137482    137483
                 137484    137485    137486    137487    137488    137489    137490    137491
                 137492    137493    137494    137495    137496    137497    137498    137499
                 137500    137501    137502    137503    137504    137505    137506    137507
                 137508    137509    137510    137511    137512    137513    137514    137515
                 137516    137517    137518    137519    137520    137521    137522    137523
                 137524    137525    137526    137527    137528    137529    137530    137531
                 137532    137533    137534    137535    137536    137537    137538    137539
                 137540    137541    137542    137543    137544    137545    137546    137547
                 137548    137549    137550    137551    137552    137553    137554    137555
                 137556    137557    137558    137559    137560    137561    137562    137563
                 137564    137565    137566    137567    137568    137569    137570    137571
                 137572    137573    137574    137575    137576    137577    137578    137579
                 137580    137581    137582    137583    137584    137585    137586    137587
                 137588    137589    137590    137591    137592    137593    137594    137595
                 137596    137597    137598    137599    137600    137601    137602    137603
                 137604    137605    137606    137607    137608    137609    137610    137611
                 137612    137613    137614    137615    137616    137617    137618    137619
                 137620    137621    137622    137623    137624    137625    137626    137627
                 137628    137629    137630    137631    137632    137633    137634    137635
                 137636    137637    137638    137639    137640    137641    137642    137643
                 137644    137645    137646    137647    137648    137649

             no print                                                                                                                                                        
             ----------


             post                                                                                                                                                            
             ----------

             number of element variables on post file:    3

             binary post file will be used

             initial output frequency of post file:       1

             MSC.Marc 2005 style post file

             post variable     1 is post code   17 =                                                 
             post variable     2 is post code  311 =                                                 
             post variable     8 is post code  401 =                                                 
             maximum record length on binary post file=         148497
             approximate no. of words per increment on file=        8932264


             parameters                                                                                                                                                      
             ----------


             parameters set as follows 

             predictor used for stress-strain calculation    1.00000E+00
             penalty factor for boundary conditions          1.00000E+09
             penalty for incompressibility - r-p flow        1.00000E+02
             penalty for incompressibility - fluid flow      1.00000E+06
             beta parameter for Newmark operator             2.50000E-01
             gamma parameter for Newmark operator            5.00000E-01
             gamma1 parameter for Single-Step-Houbolt        1.50000E+00
             gamma parameter for Single-Step-Houbolt        -5.00000E-01
             sharp angle for sticking/separating - 2D        8.62500E+00
             sharp angle for sticking/separating - 3D        2.00000E+01
             initial strain rate for r-p flow                1.00000E-04
             lowest strain rate cut-off for r-p flow         1.00000E-06
             fraction of dilatational stress neglected       1.00000E+00
             factor for drilling d.o.f for shells            1.00000E-04
             factor for displacement after rezoning          1.00000E+00

             universal gas constant                          8.31400E+00
             absolute temperature offset                     2.73150E+02
             thermal properties evaluation weight            5.00000E-01
             surface projection factor in ssh dynamics       0.00000E+00
             Stefan Boltzmann constant                       5.67051E-08
             Planck's second radiation constant              1.43877E-02
             Speed of light in vacuum                        2.99790E+08
             Permeability of vacuum                          1.25664E-06
             Permittivity of vacuum                          8.85419E-12
             maximum iterative displacement component        1.00000E+30
             initial stiffness to simulate sticking          0.00000E+00
             minimum angle between the normal vectors of 
             contacting segments                             1.20000E+02
             radiation reflection cut-off                    1.00000E-03
             angle for averaging adjacent beams (s2s)        1.60000E+02
             stabilizer stiffness for model sections         0.00000E+00

             maximum change in temperature per iteration     1.00000E+02
             maximum rbe3 conditioning number                0.10000E+07

             end option                                                                                                                                                      
             ----------

             wall time =          23.00

             wall time =          27.00


             direct symmetric multi-frontal sparse solver is invoked for region   1


             number of element groups used:         1

                group     # elements     element type     material                             formulation

                   1      687096           134                1                                    S
 
               formulation:
                     S:   small displacement
 

     **** note ****
     can not find the following flow-data file 
     in job directory or in the material library:
     C:\MSC.Software\Marc\2013.1.0\marc2013.1\AF_flowmat\material1.mat
     This is ok if no separate flow-data file is required.
     Otherwise please provide the data file or result
     will be wrong.



             maximum connectivity in stiffness matrix is       2768 at node     148495



             maximum half-bandwidth is     148298  between nodes        199  and     148496

             number of profile entries excluding fill-in is         1053529



             total workspace needed with in-core matrix storage =       137491095
               part of solver workspace is allocated separately
             general memory increasing from      98 MByte to     524 MByte


             memory increased to       137491095 words during 
             sizing for operator matrix





             total workspace needed with in-core matrix storage =       137491095
               part of solver workspace is allocated separately

             allocated         72 words of memory due to kinematic boundary conditions







             load increments for each degree of freedom
             summed over the whole model

             from distributed loads
             dist. loads on undeformed configuration - increments for dist. loads
             increments for point loads
             0.000000E+00   0.000000E+00   0.000000E+00   0.000000E+00   0.000000E+00   0.000000E+00


             point loads
             0.000000E+00   5.000000E+02   0.000000E+00   0.000000E+00   0.000000E+00   0.000000E+00

             start of assembly     cycle number is     0
             wall time =          27.00




             solver workspace for phase1 (matrix input)    (64bit words) =         1276281 (      9.74 MByte)
             Metis nested dissection ordering used
             solver workspace for phase2 (nodal ordering)  (64bit words) =         3834136 (     29.25 MByte)
             solver workspace for phase3 (symbolic factor) (64bit words) =         8743825 (     66.71 MByte)
             solver workspace for phase4 (factorization)   (64bit words) =        19183257 (    146.36 MByte) (MINIMUM)
             solver workspace for phase4 (factorization)   (64bit words) =       186022052 (   1419.24 MByte) (MAXIMUM)
             solver workspace available and used           (64bit words) =       195323154 (   1490.20 MByte)


             start of matrix solution
             wall time =          40.00



             singularity ratio    5.5910E-04


             end of matrix solution
             wall time =          53.00



             element with highest stress relative to yield is     450579
             where equivalent stress is 6.830E-19  of yield







   Windows version
    Marc 2013.1.0, Build 230727  build date: Sat Oct 26 13:00:39 2013
   output for increment       0. "          Compression"


             total strain energy         is    2.48094E+01
               within which:
               elastic strain energy     is    2.48094E+01
             total ext-force work        is    2.48094E+01
               within which:
               work by appl. force/disp. is    2.48094E+01
               work by frictional forces is    0.00000E+00


             memory usage:                       MByte       words  % of total

              within general memory:           
               element stiffness matrices:          81    21239676         2.9
               solver: first part                  441   115563096        15.6
               overallocation initial allocation     0           4         0.0
               other:                                3      688319         0.1
              allocated separately:
               solver 8                           1480   388093746        52.5
               nodal vectors:                      150    39203216         5.3
               defined sets:                         0        2248         0.0
               tyings:                               1      147413         0.0
               transformations:                      1      296994         0.0
               kinematic boundary conditions:        0        1206         0.0
               points, curves and surfaces:          0          54         0.0
               mem_none:                            67    17593475         2.4
               element storage:                    569   149099982        20.2
               material properties:                  0        2032         0.0
               executable and common blocks:        27     7000000         0.9
               miscellaneous                         0         111         0.0
               ---------------------------------------------------------------
               total:                             2819   738931572

               general memory allocated:           524   137491095
               general memory used:                524   137491091

               peak memory usage:                 2886   756506532

             e n d   o f   i n c r e m e n t       0

             binary post data at increment       0.  subincrement    0.  on file 16
             wall time =          59.00


             $...................                                                                                                                                            


                              *** end of input deck - job ends


             memory usage:                       MByte       words  % of total

              within general memory:           
               element stiffness matrices:          81    21239676         2.9
               solver: first part                  441   115563096        15.6
               overallocation initial allocation     0           4         0.0
               other:                                3      688319         0.1
              allocated separately:
               solver 8                           1480   388093746        52.5
               nodal vectors:                      150    39203216         5.3
               defined sets:                         0        2248         0.0
               tyings:                               1      147413         0.0
               transformations:                      1      296994         0.0
               kinematic boundary conditions:        0        1206         0.0
               points, curves and surfaces:          0          54         0.0
               mem_none:                            67    17593475         2.4
               element storage:                    569   149099982        20.2
               material properties:                  0        2032         0.0
               executable and common blocks:        27     7000000         0.9
               miscellaneous                         0         111         0.0
               ---------------------------------------------------------------
               total:                             2819   738931572

               general memory allocated:           524   137491095
               general memory used:                524   137491091

               peak memory usage:                 2886   756506532


             timing information:                       wall time      cpu time

               total time for input:                       22.85         21.43
               total time for stiffness assembly:           3.85          3.84
               total time for stress recovery:              1.73          1.73
               total time for matrix solution:             22.74         21.15
               total time for output:                       3.04          2.93
               total time for miscellaneous:                4.23          1.08
               ---------------------------------------------------------------
               total time:                                 58.44         52.17


             **************************************************************************


             
             This is a successful completion to a Marc simulation,
             indicating that no additional incremental data was
             found and that the analysis is complete.
             




             **************************************************************************





                                         Marc 2013.1.0

                                        Exit number 3004

