                            M               M
                            W               W
                          MMMMM           MMMMM
                          WWWWW           WWWWW
                        MMMMMMMMM       MMMMMMMMM
                        WWWWWWWWW       WWWWWWWWW
                      MMMMMMMMMMMMM   MMMMMMMMMMMMM
                      WWWWWWWWWWWWW   WWWWWWWWWWWWW
                    MMMMMMMMMMMMMMMMMMMMMMMMMMMMMMMMM
                    WWWWWWWWWWWWWWWWWWWWWWWWWWWWWWWWW
                    MMMMMMMM MMMMMMMMMMMMMMM MMMMMMMM
                    WWWWWWWW WWWWWWWWWWWWWWW WWWWWWWW
                    MMMMMM     MMMMMMMMMMM     MMMMMM
                    WWWWWW     WWWWWWWWWWW     WWWWWW
                    MMMM         MMMMMMM         MMMM
                    WWWW         WWWWWWW         WWWW
                    MM             MMM             MM
                    WW             WWW             WW
                    M               M               M
                    W               W               W
                    MM             MMM             MM
                    WW             WWW             WW
                    MMMM         MMMMMMM         MMMM
                    WWWW         WWWWWWW         WWWW
                    MMMMMM     MMMMMMMMMMM     MMMMMM
                    WWWWWW     WWWWWWWWWWW     WWWWWW
                    MMMMMMMM MMMMMMMMMMMMMMM MMMMMMMM
                    WWWWWWWW WWWWWWWWWWWWWWW WWWWWWWW
                    MMMMMMMMMMMMMMMMMMMMMMMMMMMMMMMMM
                    WWWWWWWWWWWWWWWWWWWWWWWWWWWWWWWWW
                      MMMMMMMMMMMMM   MMMMMMMMMMMMM
                      WWWWWWWWWWWWW   WWWWWWWWWWWWW
                        MMMMMMMMM       MMMMMMMMM
                        WWWWWWWWW       WWWWWWWWW
                          MMMMM           MMMMM
                          WWWWW           WWWWW
                            M               M
                            W               W

             version:  Marc 2013.1.0, Build 230727  build date: Sat Oct 26 13:00:39 2013

             machine type: Windows

             integer*4 version: integers are 32-bits

             date: Fri Mar 09 17:48:06 2018


             (c) COPYRIGHT 2013 MSC Software Corporation, all rights reserved

                     Marc 2013.1.0 - W i n d o w s       

                     i n p u t   d a t a


                p a g e          1

                             10        20        30        40        50        60        70        80        90       100       110       120       130       140       150       160
                     ----------------------------------------------------------------------------------------------------------------------------------------------------------------
                     title               job1
                     $....MARC input file produced by Marc Mentat 2013.1.0 (64bit)
                     $...................................
                     $....input file using extended precision
    card         5   extended
                     $...................................
                     sizing                                 0    136220     31352         0
                     alloc                       25
                     elements                   134
    card        10   version                     11
                     table                        0         0         2         1         1         0         0         1
                     processor                    1         1         1         0
                     ----------------------------------------------------------------------------------------------------------------------------------------------------------------
                             10        20        30        40        50        60        70        80        90       100       110       120       130       140       150       160
                     ----------------------------------------------------------------------------------------------------------------------------------------------------------------
                     ----------------------------------------------------------------------------------------------------------------------------------------------------------------
1
             general memory increasing from      25 MByte to      53 MByte


             memory increased to        14001932 words during 
             pre-reading of sets



   MSC Customer Entitlement ID
        56AC76BE-2832F2FA



                    *************************************************
                    *************************************************

                     program sizing and options requested as follows



                     element type requested*************************       134
                     number of elements in mesh*********************    136220
                     number of nodes in mesh************************     31352
                     load correction flagged or set*****************
                     number of constraint(tying) equations**********       550
                     number of retained nodes plus one**************         8
                     values stored at all integration points********
                     tape no.for input of coordinates + connectivity         5
                     no.of different materials    1 max.no of slopes         5
                     number of points on shell section *************        11
                     new style input format will be used************
                     total number of tasks   used ******************         1
                     total number of threads used ******************         1
                     total number of processors used ***************         1
                     extended precision input is used ************** 
                     Marc input version ****************************        11
                     maximum number of boundary conditions *********         1
                     suppress echo of list items *******************
                     suppress echo of bc summary *******************
                     suppress echo of nurbs data *******************


                     end of parameters and sizing
                    *************************************************
                    *************************************************





                              key to stress, strain and displacement output



                                        element type       134


                              4-node isoparametric tetrahedral                       

                              stresses and strains in global directions               
                                1=xx                                                  
                                2=yy                                                  
                                3=zz                                                  
                                4=xy                                                  
                                5=yz                                                  
                                6=xz                                                  
                                                                                      
                              displacements in global directions                      
                                1=u global x direction                                
                                2=v global y direction                                
                                3=w global w direction                                

             allocated    8276935 words of memory due to nodal vectors


             allocated        285 words of memory due to boundary conditions


             allocated          7 words of memory due to geometric points


             allocated         32 words of memory due to geometric curves


             allocated         15 words of memory due to geometric surfaces


             allocated      62704 words of memory due to shell, user or contact transformations


             allocated      13203 words of memory due to tyings


             allocated         14 words of memory due to tyings



             workspace needed for input and stiffness assembly:         4367991


             internal core allocation parameters
             degrees of freedom per node (ndeg)  6
             max. number of coordinates per node  3
             max. nodes per element (nnodmx)  4
             max. invariants per int. points (neqst)  1
             max.stress components per int. point (nstrmx)   6
             strains per integration point (ngens)  6


             flag for element storage (ielsto)  0
             element data in core

             memory usage per element group
                group   # elements     nelsto      MByte            words
                  1       136220         274         142          37324280
                ----------------------------------------------------------
                total     136220                     142          37324280


                              internal element variables



                              internal element number         1  library code type  134
                              number of nodes=  4
                              stresses stored per integration point =  6
                              direct continuum components stored =  3
                              shear continuum components stored =  3
                              shell/beam flag = 0
                              curvilinear  coord. flag = 0
                              int.points for elem. stiffness  1
                              number of local inertia directions  3
                              int.point for print if all points not flagged  1
                              int. points for dist. surface loads (pressure)  4
                              library code type =   134
                              large disp. row counts     6    6    6   11   11   11



                              residual load correction is invoked



             $...................                                                                                                                                            

             solver                                                                                                                                                          
             ----------


             multifrontal direct sparse solver invoked

             optimize                    11                                                                                                                                  
             ----------



             metis nested dissection algorithm

             connectivity                                                                                                                                                    
             ----------

                meshr1,  iprnt
                      5      1
                elem no., type,        nodes

             coordinates                                                                                                                                                     
             ----------

             ncrd1 ,meshr1,iprnt
                    3         5         1
                   node      coordinates

             define              node                set                 rbe2_1_nodes                                                                                        
             ----------

             a list of nodes given below 
                 14746     14748     14755     14765     14789     14790     14791     14792     14793     14794     14795     14796     14797
                     echo suppressed for       337 items
                     total number of items read:       350

             define              node                set                 rbe2_2_nodes                                                                                        
             ----------

             a list of nodes given below 
                 14749     14752     15472     15473     15474     15475     15476     15477     15478     15479     15480     15481     15482
                     echo suppressed for        87 items
                     total number of items read:       100

             define              node                set                 rbe2_3_nodes                                                                                        
             ----------

             a list of nodes given below 
                 14743     14757     15448     15449     15450     15451     15452     15453     15454     15455     15456     15457     15458
                     echo suppressed for        87 items
                     total number of items read:       100

             define              node                set                 apply1_nodes                                                                                        
             ----------

             a list of nodes given below 
                 31351     31352

             isotropic                                                                                                                                                       
             ----------


             isotropic material  material id =          1
              elastic    yield criteria
              isotropic  hardening rule

             material name is:       material1               


                 structural  property                         value       table id


             Youngs modulus                              6.90000E+04         0
             Poissons ratio                              3.30000E-01         0
             mass density                                0.00000E+00         0
             shear modulus                               2.59398E+04         0
             coefficient of thermal expansion            0.00000E+00         0
             Yield stress                                1.00000E+20         0
             cost per unit volume                        0.00000E+00         0
             cost per unit mass                          0.00000E+00         0


             from element          1 to element     136220 by          1

             point load                                                                                                                                                      
             ----------


             read data from unit    5

             name of boundary condition apply1

             Prescribed Nodal Force    =      0.00000E+00  table id is        0

             Prescribed Nodal Force    =      2.50000E+02  table id is        0

             Prescribed Nodal Force    =      0.00000E+00  table id is        0

             Prescribed Nodal Force    =      0.00000E+00  table id is        0

             Prescribed Nodal Force    =      0.00000E+00  table id is        0

             Prescribed Nodal Force    =      0.00000E+00  table id is        0

             applied to node ids       

             apply1_nodes                                                                                                                                                    

             loadcase            job1                                                                                                                                        
             ----------


             activate boundary condition apply1

             rbe2                                                                                                                                                            
             ----------

             read from unit     5
             tying number                 =         1 to        350
             reference node               =     31350
             DOF of the tied nodes        =         0
             number of tied nodes in list =       350
             list of tied nodes:
                  14746     14748     14755     14765     14789     14790     14791     14792
                  14793     14794     14795     14796     14797     14798     14799     14800
                  14801     14802     14803     14804     14805     14806     14807     14808
                  14809     14810     14811     14812     16281     16282     16283     16284
                  16285     16286     16287     16288     16289     16290     16291     16292
                  16293     16294     16295     16296     16297     16298     16299     16300
                  16301     16302     16303     16304     16305     16306     16307     16308
                  16309     16310     16311     16312     16313     16314     16315     16316
                  16317     16318     16319     16320     16321     16322     16323     16324
                  16325     16326     16327     16328     16329     16330     16331     16332
                  16333     16334     16335     16336     16337     16338     16339     16340
                  16341     16342     16343     16344     16345     16346     16347     16348
                  16349     16350     16351     16352     16353     16354     16355     16356
                  16357     16358     16359     16360     16361     16362     16363     16364
                  16365     16366     16367     16368     16369     16370     16371     16372
                  16373     16374     16375     16376     16377     16378     16379     16380
                  16381     16382     16383     16384     16385     16386     16387     16388
                  16389     16390     16391     16392     16393     16394     16395     16396
                  16397     16398     16399     16400     16401     16402     16403     16404
                  16405     16406     16407     16408     16409     16410     16411     16412
                  16413     16414     16415     16416     16417     16418     16419     16420
                  16421     16422     16423     16424     16425     16426     16427     16428
                  16429     16430     16431     16432     16433     16434     16435     16436
                  16437     16438     16439     16440     16441     16442     16443     16444
                  16445     16446     16447     16448     16449     16450     16451     16452
                  16453     16454     16455     16456     16457     16458     16459     16460
                  16461     16462     16463     16464     16465     16466     16467     16468
                  16469     16470     16471     16472     16473     16474     16475     16476
                  16477     16478     16479     16480     16481     16482     16483     16484
                  16485     16486     16487     16488     16489     16490     16491     16492
                  16493     16494     16495     16496     16497     16498     16499     16500
                  16501     16502     16503     16504     16505     16506     16507     16508
                  16509     16510     16511     16512     16513     16514     16515     16516
                  16517     16518     16519     16520     16521     16522     16523     16524
                  16525     16526     16527     16528     16529     16530     16531     16532
                  16533     16534     16535     16536     16537     16538     16539     16540
                  16541     16542     16543     16544     16545     16546     16547     16548
                  16549     16550     16551     16552     16553     16554     16555     16556
                  16557     16558     16559     16560     16561     16562     16563     16564
                  16565     16566     16567     16568     16569     16570     16571     16572
                  16573     16574     16575     16576     16577     16578     16579     16580
                  16581     16582     16583     16584     16585     16586     16587     16588
                  16589     16590     16591     16592     16593     16594     16595     16596
                  16597     16598     16599     16600     16601     16602
             tying number                 =       351 to        450
             reference node               =     31351
             DOF of the tied nodes        =         0
             number of tied nodes in list =       100
             list of tied nodes:
                  14749     14752     15472     15473     15474     15475     15476     15477
                  15478     15479     15480     15481     15482     15483     15484     15485
                  15486     15487     15488     15489     15490     15491     15492     15493
                  15494     15495     15496     15497     15498     15499     15500     15501
                  15502     15503     15504     15505     15506     15507     15508     15509
                  15510     15511     15512     15513     15514     15515     15516     15517
                  15518     15519     22439     22440     22441     22442     22443     22444
                  22445     22446     22447     22448     22449     22450     22451     22452
                  22453     22454     22455     22456     22457     22458     22459     22460
                  22461     22462     22463     22464     22465     22466     22467     22468
                  22469     22470     22471     22472     22473     22474     22475     22476
                  22477     22478     22479     22480     22481     22482     22483     22484
                  22485     22486     22487     22488
             tying number                 =       451 to        550
             reference node               =     31352
             DOF of the tied nodes        =         0
             number of tied nodes in list =       100
             list of tied nodes:
                  14743     14757     15448     15449     15450     15451     15452     15453
                  15454     15455     15456     15457     15458     15459     15460     15461
                  15462     15463     15464     15465     15466     15467     15468     15469
                  15470     15471     16145     16146     16147     16148     16149     16150
                  16151     16152     16153     16154     16155     16156     16157     16158
                  16159     16160     16161     16162     16163     16164     16165     16166
                  16167     16168     28788     28789     28790     28791     28792     28793
                  28794     28795     28796     28797     28798     28799     28800     28801
                  28802     28803     28804     28805     28806     28807     28808     28809
                  28810     28811     28812     28813     28814     28815     28816     28817
                  28818     28819     28820     28821     28822     28823     28824     28825
                  28826     28827     28828     28829     28830     28831     28832     28833
                  28834     28835     28836     28837

             no print                                                                                                                                                        
             ----------


             post                                                                                                                                                            
             ----------

             number of element variables on post file:    4

             binary post file will be used

             initial output frequency of post file:       1

             MSC.Marc 2005 style post file

             post variable     1 is post code   17 =                                                 
             post variable     2 is post code  127 =                                                 
             post variable     3 is post code  311 =                                                 
             post variable     9 is post code  401 =                                                 
             maximum record length on binary post file=          31352
             approximate no. of words per increment on file=        1907096


             parameters                                                                                                                                                      
             ----------


             parameters set as follows 

             predictor used for stress-strain calculation    1.00000E+00
             penalty factor for boundary conditions          1.00000E+09
             penalty for incompressibility - r-p flow        1.00000E+02
             penalty for incompressibility - fluid flow      1.00000E+06
             beta parameter for Newmark operator             2.50000E-01
             gamma parameter for Newmark operator            5.00000E-01
             gamma1 parameter for Single-Step-Houbolt        1.50000E+00
             gamma parameter for Single-Step-Houbolt        -5.00000E-01
             sharp angle for sticking/separating - 2D        8.62500E+00
             sharp angle for sticking/separating - 3D        2.00000E+01
             initial strain rate for r-p flow                1.00000E-04
             lowest strain rate cut-off for r-p flow         1.00000E-06
             fraction of dilatational stress neglected       1.00000E+00
             factor for drilling d.o.f for shells            1.00000E-04
             factor for displacement after rezoning          1.00000E+00

             universal gas constant                          8.31400E+00
             absolute temperature offset                     2.73150E+02
             thermal properties evaluation weight            5.00000E-01
             surface projection factor in ssh dynamics       0.00000E+00
             Stefan Boltzmann constant                       5.67051E-08
             Planck's second radiation constant              1.43877E-02
             Speed of light in vacuum                        2.99790E+08
             Permeability of vacuum                          1.25664E-06
             Permittivity of vacuum                          8.85419E-12
             maximum iterative displacement component        1.00000E+30
             initial stiffness to simulate sticking          0.00000E+00
             minimum angle between the normal vectors of 
             contacting segments                             1.20000E+02
             radiation reflection cut-off                    1.00000E-03
             angle for averaging adjacent beams (s2s)        1.60000E+02
             stabilizer stiffness for model sections         0.00000E+00

             maximum change in temperature per iteration     1.00000E+02
             maximum rbe3 conditioning number                0.10000E+07

             end option                                                                                                                                                      
             ----------

             wall time =           4.00

             wall time =           5.00


             direct symmetric multi-frontal sparse solver is invoked for region   1


             number of element groups used:         1

                group     # elements     element type     material                             formulation

                   1      136220           134                1                                    S
 
               formulation:
                     S:   small displacement
 

     **** note ****
     can not find the following flow-data file 
     in job directory or in the material library:
     C:\MSC.Software\Marc\2013.1.0\marc2013.1\AF_flowmat\material1.mat
     This is ok if no separate flow-data file is required.
     Otherwise please provide the data file or result
     will be wrong.



             maximum connectivity in stiffness matrix is        759 at node      31350



             maximum half-bandwidth is      31258  between nodes         93  and      31350

             number of profile entries excluding fill-in is          216744



             total workspace needed with in-core matrix storage =        28152567
               part of solver workspace is allocated separately
             general memory increasing from      53 MByte to     107 MByte


             memory increased to        28152567 words during 
             sizing for operator matrix





             total workspace needed with in-core matrix storage =        28152567
               part of solver workspace is allocated separately






             load increments for each degree of freedom
             summed over the whole model

             from distributed loads
             dist. loads on undeformed configuration - increments for dist. loads
             increments for point loads
             0.000000E+00   0.000000E+00   0.000000E+00   0.000000E+00   0.000000E+00   0.000000E+00


             point loads
             0.000000E+00   5.000000E+02   0.000000E+00   0.000000E+00   0.000000E+00   0.000000E+00

             start of assembly     cycle number is     0
             wall time =           5.00




             solver workspace for phase1 (matrix input)    (64bit words) =          263779 (      2.01 MByte)
             Metis nested dissection ordering used
             solver workspace for phase2 (nodal ordering)  (64bit words) =          801720 (      6.12 MByte)
             solver workspace for phase3 (symbolic factor) (64bit words) =         1672963 (     12.76 MByte)
             solver workspace for phase4 (factorization)   (64bit words) =         3999514 (     30.51 MByte) (MINIMUM)
             solver workspace for phase4 (factorization)   (64bit words) =        26795269 (    204.43 MByte) (MAXIMUM)
             solver workspace available and used           (64bit words) =        28135032 (    214.65 MByte)


             start of matrix solution
             wall time =           7.00

             non-positive definite system at user node      3135 internal node      3135
                                     degree of freedom  2
             wall time =           8.00



             memory usage:                       MByte       words  % of total

              within general memory:           
               element stiffness matrices:          16     4230544         2.9
               solver: first part                   91    23784576        16.6
               overallocation initial allocation     0           4         0.0
               other:                                1      137443         0.1
              allocated separately:
               solver 8                            213    55742506        38.8
               nodal vectors:                       32     8276936         5.8
               defined sets:                         0         750         0.0
               tyings:                               0       39617         0.0
               transformations:                      0       62704         0.0
               kinematic boundary conditions:        0         285         0.0
               points, curves and surfaces:          0          54         0.0
               mem_none:                            18     4653301         3.2
               element storage:                    151    39640132        27.6
               material properties:                  0        2032         0.0
               executable and common blocks:        27     7000000         4.9
               miscellaneous                         0         111         0.0
               ---------------------------------------------------------------
               total:                              548   143570995

               general memory allocated:           107    28152567
               general memory used:                107    28152563

               peak memory usage:                  562   147267955


             timing information:                       wall time      cpu time

               total time for input:                        3.87          3.87
               total time for stiffness assembly:           0.67          0.67
               total time for stress recovery:              0.00          0.00
               total time for matrix solution:              0.04          0.05
               total time for output:                       0.00          0.00
               total time for miscellaneous:                3.35          2.51
               ---------------------------------------------------------------
               total time:                                  7.94          7.10


             **************************************************************************


             
             The determinant of the stiffness matrix becomes zero or
             negative when indicated node has been reached during the
             Gaussian elimination phase of the solution process. This
             means that the stiffness matrix is non-positive definite.
             If this happens at the start of the analysis, the condition
             is usually caused by the existence of rigid body modes.  It
             may also be caused by incorrect material properties (e.g.
             Poisson's ratio greater than 0.5; note that such situations
             may arise through temperature dependence of properties). In
             nonlinear cases, the structure may have buckled or reached a
             plastic limit load. In rubber analysis, it may also be due
             to the strain state being in a region where the input data
             for the strain energy function is invalid. In contact
             analysis with friction, lack of normal forces may result in
             friction being absent. If desired, the program may be forced
             to continue by use of the parameter PRINT or the model or
             history definition option CONTROL. Either one of these
             procedures may be used for restart. Whenever a non-positive
             definite situation occurs one must exercise caution, as the
             resultant numerical solution may be infeasible.
             




             **************************************************************************





                                         Marc 2013.1.0

                                        Exit number 2004

