                            M               M
                            W               W
                          MMMMM           MMMMM
                          WWWWW           WWWWW
                        MMMMMMMMM       MMMMMMMMM
                        WWWWWWWWW       WWWWWWWWW
                      MMMMMMMMMMMMM   MMMMMMMMMMMMM
                      WWWWWWWWWWWWW   WWWWWWWWWWWWW
                    MMMMMMMMMMMMMMMMMMMMMMMMMMMMMMMMM
                    WWWWWWWWWWWWWWWWWWWWWWWWWWWWWWWWW
                    MMMMMMMM MMMMMMMMMMMMMMM MMMMMMMM
                    WWWWWWWW WWWWWWWWWWWWWWW WWWWWWWW
                    MMMMMM     MMMMMMMMMMM     MMMMMM
                    WWWWWW     WWWWWWWWWWW     WWWWWW
                    MMMM         MMMMMMM         MMMM
                    WWWW         WWWWWWW         WWWW
                    MM             MMM             MM
                    WW             WWW             WW
                    M               M               M
                    W               W               W
                    MM             MMM             MM
                    WW             WWW             WW
                    MMMM         MMMMMMM         MMMM
                    WWWW         WWWWWWW         WWWW
                    MMMMMM     MMMMMMMMMMM     MMMMMM
                    WWWWWW     WWWWWWWWWWW     WWWWWW
                    MMMMMMMM MMMMMMMMMMMMMMM MMMMMMMM
                    WWWWWWWW WWWWWWWWWWWWWWW WWWWWWWW
                    MMMMMMMMMMMMMMMMMMMMMMMMMMMMMMMMM
                    WWWWWWWWWWWWWWWWWWWWWWWWWWWWWWWWW
                      MMMMMMMMMMMMM   MMMMMMMMMMMMM
                      WWWWWWWWWWWWW   WWWWWWWWWWWWW
                        MMMMMMMMM       MMMMMMMMM
                        WWWWWWWWW       WWWWWWWWW
                          MMMMM           MMMMM
                          WWWWW           WWWWW
                            M               M
                            W               W

             version:  Marc 2013.1.0, Build 230727  build date: Sat Oct 26 13:00:39 2013

             machine type: Windows

             integer*4 version: integers are 32-bits

             date: Tue Apr 03 13:01:46 2018


             (c) COPYRIGHT 2013 MSC Software Corporation, all rights reserved

                     Marc 2013.1.0 - W i n d o w s       

                     i n p u t   d a t a


                p a g e          1

                             10        20        30        40        50        60        70        80        90       100       110       120       130       140       150       160
                     ----------------------------------------------------------------------------------------------------------------------------------------------------------------
                     title               Compression
                     $....MARC input file produced by Marc Mentat 2013.1.0 (64bit)
                     $...................................
                     $....input file using extended precision
    card         5   extended
                     $...................................
                     sizing                                 0    787904    170228         0
                     alloc                       25
                     elements                   134
    card        10   version                     11
                     table                        0         0         2         1         1         0         0         1
                     processor                    1         1         1         0
                     ----------------------------------------------------------------------------------------------------------------------------------------------------------------
                             10        20        30        40        50        60        70        80        90       100       110       120       130       140       150       160
                     ----------------------------------------------------------------------------------------------------------------------------------------------------------------
                     ----------------------------------------------------------------------------------------------------------------------------------------------------------------
1
             general memory increasing from      25 MByte to      53 MByte


             memory increased to        14001932 words during 
             pre-reading of sets



   MSC Customer Entitlement ID
        56AC76BE-284A4A49



                    *************************************************
                    *************************************************

                     program sizing and options requested as follows



                     element type requested*************************       134
                     number of elements in mesh*********************    787904
                     number of nodes in mesh************************    170228
                     load correction was suppressed*****************
                     number of constraint(tying) equations**********      2899
                     number of retained nodes plus one**************         8
                     elastic re-analysis flagged********************
                     values stored at all integration points********
                     tape no.for input of coordinates + connectivity         5
                     no.of different materials    1 max.no of slopes         5
                     number of points on shell section *************        11
                     new style input format will be used************
                     total number of tasks   used ******************         1
                     total number of threads used ******************         1
                     total number of processors used ***************         1
                     extended precision input is used ************** 
                     Marc input version ****************************        11
                     maximum number of boundary conditions *********         2
                     suppress echo of list items *******************
                     suppress echo of bc summary *******************
                     suppress echo of nurbs data *******************


                     end of parameters and sizing
                    *************************************************
                    *************************************************





                              key to stress, strain and displacement output



                                        element type       134


                              4-node isoparametric tetrahedral                       

                              stresses and strains in global directions               
                                1=xx                                                  
                                2=yy                                                  
                                3=zz                                                  
                                4=xy                                                  
                                5=yz                                                  
                                6=xz                                                  
                                                                                      
                              displacements in global directions                      
                                1=u global x direction                                
                                2=v global y direction                                
                                3=w global w direction                                

             allocated   44940199 words of memory due to nodal vectors


             allocated        568 words of memory due to boundary conditions


             allocated          7 words of memory due to geometric points


             allocated         32 words of memory due to geometric curves


             allocated         15 words of memory due to geometric surfaces


             allocated     340456 words of memory due to shell, user or contact transformations


             allocated      69579 words of memory due to tyings


             allocated         14 words of memory due to tyings

             general memory increasing from      53 MByte to     111 MByte


             memory increased to        29144349 words during 
             sizing for element storage



             allocated        566 words of memory due to boundary conditions


             allocated         12 words of memory due to tyings



             workspace needed for input and stiffness assembly:        25144349


             internal core allocation parameters
             degrees of freedom per node (ndeg)  6
             max. number of coordinates per node  3
             max. nodes per element (nnodmx)  4
             max. invariants per int. points (neqst)  1
             max.stress components per int. point (nstrmx)   6
             strains per integration point (ngens)  6


             flag for element storage (ielsto)  0
             element data in core

             memory usage per element group
                group   # elements     nelsto      MByte            words
                  1       787904         200         601         157580800
                ----------------------------------------------------------
                total     787904                     601         157580800


                              internal element variables



                              internal element number         1  library code type  134
                              number of nodes=  4
                              stresses stored per integration point =  6
                              direct continuum components stored =  3
                              shear continuum components stored =  3
                              shell/beam flag = 0
                              curvilinear  coord. flag = 0
                              int.points for elem. stiffness  1
                              number of local inertia directions  3
                              int.point for print if all points not flagged  1
                              int. points for dist. surface loads (pressure)  4
                              library code type =   134
                              large disp. row counts     6    6    6   11   11   11



                              residual load correction is switched off



             $...................                                                                                                                                            

             solver                                                                                                                                                          
             ----------


             multifrontal direct sparse solver invoked

             optimize                    11                                                                                                                                  
             ----------



             metis nested dissection algorithm

             connectivity                                                                                                                                                    
             ----------

                meshr1,  iprnt
                      5      1
                elem no., type,        nodes

             coordinates                                                                                                                                                     
             ----------

             ncrd1 ,meshr1,iprnt
                    3         5         1
                   node      coordinates

             define              node                set                 rbe2_1_nodes                                                                                        
             ----------

             a list of nodes given below 
                 97358     97359     97360     97458     97459     97463     97510     97511     97512     97513     97514     97515     97519
                     echo suppressed for       951 items
                     total number of items read:       964

             define              node                set                 apply1_nodes                                                                                        
             ----------

             a list of nodes given below 
                170226

             define              node                set                 rbe2_2_nodes                                                                                        
             ----------

             a list of nodes given below 
                 97308     97309     97310     97311     97312     97313     97415     97419     97420     97422     97423     97465     97583
                     echo suppressed for       956 items
                     total number of items read:       969

             define              node                set                 rbe2_3_nodes                                                                                        
             ----------

             a list of nodes given below 
                 97363     97364     97365     97366     97439     97441     97442     97443     97444     97484     97487     97488     98970
                     echo suppressed for       953 items
                     total number of items read:       966

             define              node                set                 Compression_nodes                                                                                   
             ----------

             a list of nodes given below 
                140727    169569

             isotropic                                                                                                                                                       
             ----------


             isotropic material  material id =          1
              elastic    yield criteria
              isotropic  hardening rule

             material name is:       material1               


                 structural  property                         value       table id


             Youngs modulus                              6.90000E+04         0
             Poissons ratio                              3.30000E-01         0
             mass density                                0.00000E+00         0
             shear modulus                               2.59398E+04         0
             coefficient of thermal expansion            0.00000E+00         0
             Yield stress                                1.00000E+20         0
             cost per unit volume                        0.00000E+00         0
             cost per unit mass                          0.00000E+00         0


             from element          1 to element     787904 by          1

             fixed disp                                                                                                                                                      
             ----------


             read data from unit    5

             name of boundary condition apply1

             Displacements are applied incrementally relative to current position

             Prescribed Displacement for dof  1 =      0.00000E+00  table id is        0

             Prescribed Displacement for dof  2 =      0.00000E+00  table id is        0

             Prescribed Displacement for dof  3 =      0.00000E+00  table id is        0

             Prescribed Displacement for dof  4 =      0.00000E+00  table id is        0

             Prescribed Displacement for dof  5 =      0.00000E+00  table id is        0

             Prescribed Displacement for dof  6 =      0.00000E+00  table id is        0

             applied to node ids       

             apply1_nodes                                                                                                                                                    

             point load                                                                                                                                                      
             ----------


             read data from unit    5

             name of boundary condition Compression

             Prescribed Nodal Force    =      0.00000E+00  table id is        0

             Prescribed Nodal Force    =      2.50000E+02  table id is        0

             Prescribed Nodal Force    =      0.00000E+00  table id is        0

             Prescribed Nodal Force    =      0.00000E+00  table id is        0

             Prescribed Nodal Force    =      0.00000E+00  table id is        0

             Prescribed Nodal Force    =      0.00000E+00  table id is        0

             applied to node ids       

             Compression_nodes                                                                                                                                               

             loadcase            Compression                                                                                                                                 
             ----------


             activate boundary condition apply1

             activate boundary condition Compression

             rbe2                                                                                                                                                            
             ----------

             read from unit     5
             tying number                 =         1 to        964
             reference node               =    170226
             DOF of the tied nodes        =         0
             number of tied nodes in list =       964
             list of tied nodes:
                  97358     97359     97360     97458     97459     97463     97510     97511
                  97512     97513     97514     97515     97519     97548     97549     97550
                  97551     97552     97553     97554     97555     97556     97557     97558
                  97559     97560     97561     97562     97563     97564     97565     97566
                  97567     97568     97569     97570     97571     97572     97573     97574
                  97575     97576     97577     97578     97579     97580     97581     97582
                 100694    100695    100696    100697    100698    100699    100700    100701
                 100702    100703    100704    100705    100706    100707    100708    100709
                 100710    100711    100712    100713    100714    100715    100716    100717
                 100718    100719    100720    100721    100722    100723    100724    100725
                 100726    100727    100728    100729    135706    135707    135708    135709
                 135710    135711    135712    135713    135714    135715    135716    135717
                 135718    135719    135720    135721    135722    135723    135724    135725
                 135726    135727    135728    135729    135730    135731    135732    135733
                 135734    135735    135736    135737    135738    135739    135740    135741
                 135742    135743    135744    135745    135746    135747    135748    135749
                 135750    135751    135752    135753    135754    135755    135756    135757
                 135758    135759    135760    135761    135762    135763    135764    135765
                 135766    135767    135768    135769    135770    135771    135772    135773
                 135774    135775    135776    135777    135778    135779    135780    135781
                 135782    135783    135784    135785    135786    135787    135788    135789
                 135790    135791    135792    135793    135794    135795    135796    135797
                 135798    135799    135800    135801    135802    135803    135804    135805
                 135806    135807    135808    135809    135810    135811    135812    135813
                 135814    135815    135816    135817    135818    135819    135820    135821
                 135822    135823    135824    135825    135826    135827    135828    135829
                 135830    135831    135832    135833    135834    135835    135836    135837
                 135838    135839    135840    135841    135842    135843    135844    135845
                 135846    135847    135848    135849    135850    135851    135852    135853
                 135854    135855    135856    135857    135858    135859    135860    135861
                 135862    135863    135864    135865    135866    135867    135868    135869
                 135870    135871    135872    135873    135874    135875    135876    135877
                 135878    135879    135880    135881    135882    135883    135884    135885
                 135886    135887    135888    135889    135890    135891    135892    135893
                 135894    135895    135896    135897    135898    135899    135900    135901
                 135902    135903    135904    135905    135906    135907    135908    135909
                 135910    135911    135912    135913    135914    135915    135916    135917
                 135918    135919    135920    135921    135922    135923    135924    135925
                 135926    135927    135928    135929    135930    135931    135932    135933
                 135934    135935    135936    135937    135938    135939    135940    135941
                 135942    135943    135944    135945    135946    135947    135948    135949
                 135950    135951    135952    135953    135954    135955    135956    135957
                 135958    135959    135960    135961    135962    135963    135964    135965
                 135966    135967    135968    135969    135970    135971    135972    135973
                 135974    135975    135976    135977    135978    135979    135980    135981
                 135982    135983    135984    135985    135986    135987    135988    135989
                 135990    135991    135992    135993    135994    135995    135996    135997
                 135998    135999    136000    136001    136002    136003    136004    136005
                 136006    136007    136008    136009    136010    136011    136012    136013
                 136014    136015    136016    136017    136018    136019    136020    136021
                 136022    136023    136024    136025    136026    136027    136028    136029
                 136030    136031    136032    136033    136034    136035    136036    136037
                 136038    136039    136040    136041    136042    136043    136044    136045
                 136046    136047    136048    136049    136050    136051    136052    136053
                 136054    136055    136056    136057    136058    136059    136060    136061
                 136062    136063    136064    136065    136066    136067    136068    136069
                 136070    136071    136072    136073    136074    136075    136076    136077
                 136078    136079    136080    136081    136082    136083    136084    136085
                 136086    136087    136088    136089    136090    136091    136092    136093
                 136094    136095    136096    136097    136098    136099    136100    136101
                 136102    136103    136104    136105    136106    136107    136108    136109
                 136110    136111    136112    136113    136114    136115    136116    136117
                 136118    136119    136120    136121    136122    136123    136124    136125
                 136126    136127    136128    136129    136130    136131    136132    136133
                 136134    136135    136136    136137    136138    136139    136140    136141
                 136142    136143    136144    136145    136146    136147    136148    136149
                 136150    136151    136152    136153    136154    136155    136156    136157
                 136158    136159    136160    136161    136162    136163    136164    136165
                 136166    136167    136168    136169    136170    136171    136172    136173
                 136174    136175    136176    136177    136178    136179    136180    136181
                 136182    136183    136184    136185    136186    136187    136188    136189
                 136190    136191    136192    136193    136194    136195    136196    136197
                 136198    136199    136200    136201    136202    136203    136204    136205
                 136206    136207    136208    136209    136210    136211    136212    136213
                 136214    136215    136216    136217    136218    136219    136220    136221
                 136222    136223    136224    136225    136226    136227    136228    136229
                 136230    136231    136232    136233    136234    136235    136236    136237
                 136238    136239    136240    136241    136242    136243    136244    136245
                 136246    136247    136248    136249    136250    136251    136252    136253
                 136254    136255    136256    136257    136258    136259    136260    136261
                 136262    136263    136264    136265    136266    136267    136268    136269
                 136270    136271    136272    136273    136274    136275    136276    136277
                 136278    136279    136280    136281    136282    136283    136284    136285
                 136286    136287    136288    136289    136290    136291    136292    136293
                 136294    136295    136296    136297    136298    136299    136300    136301
                 136302    136303    136304    136305    136306    136307    136308    136309
                 136310    136311    136312    136313    136314    136315    136316    136317
                 136318    136319    136320    136321    136322    136323    136324    136325
                 136326    136327    136328    136329    136330    136331    136332    136333
                 136334    136335    136336    136337    136338    136339    136340    136341
                 136342    136343    136344    136345    136346    136347    136348    136349
                 136350    136351    136352    136353    136354    136355    136356    136357
                 136358    136359    136360    136361    136362    136363    136364    136365
                 136366    136367    136368    136369    136370    136371    136372    136373
                 136374    136375    136376    136377    136378    136379    136380    136381
                 136382    136383    136384    136385    136386    136387    136388    136389
                 136390    136391    136392    136393    136394    136395    136396    136397
                 136398    136399    136400    136401    136402    136403    136404    136405
                 136406    136407    136408    136409    136410    136411    136412    136413
                 136414    136415    136416    136417    136418    136419    136420    136421
                 136422    136423    136424    136425    136426    136427    136428    136429
                 136430    136431    136432    136433    136434    136435    136436    136437
                 136438    136439    136440    136441    136442    136443    136444    136445
                 136446    136447    136448    136449    136450    136451    136452    136453
                 136454    136455    136456    136457    136458    136459    136460    136461
                 136462    136463    136464    136465    136466    136467    136468    136469
                 136470    136471    136472    136473    136474    136475    136476    136477
                 136478    136479    136480    136481    136482    136483    136484    136485
                 136486    136487    136488    136489    136490    136491    136492    136493
                 136494    136495    136496    136497    136498    136499    136500    136501
                 136502    136503    136504    136505    136506    136507    136508    136509
                 136510    136511    136512    136513    136514    136515    136516    136517
                 136518    136519    136520    136521    136522    136523    136524    136525
                 136526    136527    136528    136529    136530    136531    136532    136533
                 136534    136535    136536    136537    136538    136539    136540    136541
                 136542    136543    136544    136545    136546    136547    136548    136549
                 136550    136551    136552    136553    136554    136555    136556    136557
                 136558    136559    136560    136561    136562    136563    136564    136565
                 136566    136567    136568    136569    136570    136571    136572    136573
                 136574    136575    136576    136577    136578    136579    136580    136581
                 136582    136583    136584    136585
             tying number                 =       965 to       1933
             reference node               =    170227
             DOF of the tied nodes        =         0
             number of tied nodes in list =       969
             list of tied nodes:
                  97308     97309     97310     97311     97312     97313     97415     97419
                  97420     97422     97423     97465     97583     97584     97585     97586
                  97587     97588     97589     97590     97591     97592     97593     97594
                  97595     97596     97597     97598     97599     97600     97601     97602
                  97603     97604     97605     97606     97607     97608     97609     97610
                  97611     97612     97613     97614     97615     97616     97617     97618
                  99276     99277     99278     99279     99280     99281     99282     99283
                  99284     99285     99286     99287     99288     99289     99290     99291
                  99292     99293     99294     99295     99296     99297     99298     99299
                  99300     99301     99302     99303     99304     99305     99306     99307
                  99308     99309     99310     99311    169341    169342    169343    169344
                 169345    169346    169347    169348    169349    169350    169351    169352
                 169353    169354    169355    169356    169357    169358    169359    169360
                 169361    169362    169363    169364    169365    169366    169367    169368
                 169369    169370    169371    169372    169373    169374    169375    169376
                 169377    169378    169379    169380    169381    169382    169383    169384
                 169385    169386    169387    169388    169389    169390    169391    169392
                 169393    169394    169395    169396    169397    169398    169399    169400
                 169401    169402    169403    169404    169405    169406    169407    169408
                 169409    169410    169411    169412    169413    169414    169415    169416
                 169417    169418    169419    169420    169421    169422    169423    169424
                 169425    169426    169427    169428    169429    169430    169431    169432
                 169433    169434    169435    169436    169437    169438    169439    169440
                 169441    169442    169443    169444    169445    169446    169447    169448
                 169449    169450    169451    169452    169453    169454    169455    169456
                 169457    169458    169459    169460    169461    169462    169463    169464
                 169465    169466    169467    169468    169469    169470    169471    169472
                 169473    169474    169475    169476    169477    169478    169479    169480
                 169481    169482    169483    169484    169485    169486    169487    169488
                 169489    169490    169491    169492    169493    169494    169495    169496
                 169497    169498    169499    169500    169501    169502    169503    169504
                 169505    169506    169507    169508    169509    169510    169511    169512
                 169513    169514    169515    169516    169517    169518    169519    169520
                 169521    169522    169523    169524    169525    169526    169527    169528
                 169529    169530    169531    169532    169533    169534    169535    169536
                 169537    169538    169539    169540    169541    169542    169543    169544
                 169545    169546    169547    169548    169549    169550    169551    169552
                 169553    169554    169555    169556    169557    169558    169559    169560
                 169561    169562    169563    169564    169565    169566    169567    169568
                 169569    169570    169571    169572    169573    169574    169575    169576
                 169577    169578    169579    169580    169581    169582    169583    169584
                 169585    169586    169587    169588    169589    169590    169591    169592
                 169593    169594    169595    169596    169597    169598    169599    169600
                 169601    169602    169603    169604    169605    169606    169607    169608
                 169609    169610    169611    169612    169613    169614    169615    169616
                 169617    169618    169619    169620    169621    169622    169623    169624
                 169625    169626    169627    169628    169629    169630    169631    169632
                 169633    169634    169635    169636    169637    169638    169639    169640
                 169641    169642    169643    169644    169645    169646    169647    169648
                 169649    169650    169651    169652    169653    169654    169655    169656
                 169657    169658    169659    169660    169661    169662    169663    169664
                 169665    169666    169667    169668    169669    169670    169671    169672
                 169673    169674    169675    169676    169677    169678    169679    169680
                 169681    169682    169683    169684    169685    169686    169687    169688
                 169689    169690    169691    169692    169693    169694    169695    169696
                 169697    169698    169699    169700    169701    169702    169703    169704
                 169705    169706    169707    169708    169709    169710    169711    169712
                 169713    169714    169715    169716    169717    169718    169719    169720
                 169721    169722    169723    169724    169725    169726    169727    169728
                 169729    169730    169731    169732    169733    169734    169735    169736
                 169737    169738    169739    169740    169741    169742    169743    169744
                 169745    169746    169747    169748    169749    169750    169751    169752
                 169753    169754    169755    169756    169757    169758    169759    169760
                 169761    169762    169763    169764    169765    169766    169767    169768
                 169769    169770    169771    169772    169773    169774    169775    169776
                 169777    169778    169779    169780    169781    169782    169783    169784
                 169785    169786    169787    169788    169789    169790    169791    169792
                 169793    169794    169795    169796    169797    169798    169799    169800
                 169801    169802    169803    169804    169805    169806    169807    169808
                 169809    169810    169811    169812    169813    169814    169815    169816
                 169817    169818    169819    169820    169821    169822    169823    169824
                 169825    169826    169827    169828    169829    169830    169831    169832
                 169833    169834    169835    169836    169837    169838    169839    169840
                 169841    169842    169843    169844    169845    169846    169847    169848
                 169849    169850    169851    169852    169853    169854    169855    169856
                 169857    169858    169859    169860    169861    169862    169863    169864
                 169865    169866    169867    169868    169869    169870    169871    169872
                 169873    169874    169875    169876    169877    169878    169879    169880
                 169881    169882    169883    169884    169885    169886    169887    169888
                 169889    169890    169891    169892    169893    169894    169895    169896
                 169897    169898    169899    169900    169901    169902    169903    169904
                 169905    169906    169907    169908    169909    169910    169911    169912
                 169913    169914    169915    169916    169917    169918    169919    169920
                 169921    169922    169923    169924    169925    169926    169927    169928
                 169929    169930    169931    169932    169933    169934    169935    169936
                 169937    169938    169939    169940    169941    169942    169943    169944
                 169945    169946    169947    169948    169949    169950    169951    169952
                 169953    169954    169955    169956    169957    169958    169959    169960
                 169961    169962    169963    169964    169965    169966    169967    169968
                 169969    169970    169971    169972    169973    169974    169975    169976
                 169977    169978    169979    169980    169981    169982    169983    169984
                 169985    169986    169987    169988    169989    169990    169991    169992
                 169993    169994    169995    169996    169997    169998    169999    170000
                 170001    170002    170003    170004    170005    170006    170007    170008
                 170009    170010    170011    170012    170013    170014    170015    170016
                 170017    170018    170019    170020    170021    170022    170023    170024
                 170025    170026    170027    170028    170029    170030    170031    170032
                 170033    170034    170035    170036    170037    170038    170039    170040
                 170041    170042    170043    170044    170045    170046    170047    170048
                 170049    170050    170051    170052    170053    170054    170055    170056
                 170057    170058    170059    170060    170061    170062    170063    170064
                 170065    170066    170067    170068    170069    170070    170071    170072
                 170073    170074    170075    170076    170077    170078    170079    170080
                 170081    170082    170083    170084    170085    170086    170087    170088
                 170089    170090    170091    170092    170093    170094    170095    170096
                 170097    170098    170099    170100    170101    170102    170103    170104
                 170105    170106    170107    170108    170109    170110    170111    170112
                 170113    170114    170115    170116    170117    170118    170119    170120
                 170121    170122    170123    170124    170125    170126    170127    170128
                 170129    170130    170131    170132    170133    170134    170135    170136
                 170137    170138    170139    170140    170141    170142    170143    170144
                 170145    170146    170147    170148    170149    170150    170151    170152
                 170153    170154    170155    170156    170157    170158    170159    170160
                 170161    170162    170163    170164    170165    170166    170167    170168
                 170169    170170    170171    170172    170173    170174    170175    170176
                 170177    170178    170179    170180    170181    170182    170183    170184
                 170185    170186    170187    170188    170189    170190    170191    170192
                 170193    170194    170195    170196    170197    170198    170199    170200
                 170201    170202    170203    170204    170205    170206    170207    170208
                 170209    170210    170211    170212    170213    170214    170215    170216
                 170217    170218    170219    170220    170221    170222    170223    170224
                 170225
             tying number                 =      1934 to       2899
             reference node               =    170228
             DOF of the tied nodes        =         0
             number of tied nodes in list =       966
             list of tied nodes:
                  97363     97364     97365     97366     97439     97441     97442     97443
                  97444     97484     97487     97488     98970     98971     98972     98973
                  98974     98975     98976     98977     98978     98979     98980     98981
                  98982     98983     98984     98985     98986     98987     98988     98989
                  98990     98991     98992     98993     98994     98995     98996     98997
                  98998     98999     99000     99001     99002     99003     99004     99005
                 100496    100497    100498    100499    100500    100501    100502    100503
                 100504    100505    100506    100507    100508    100509    100510    100511
                 100512    100513    100514    100515    100516    100517    100518    100519
                 100520    100521    100522    100523    100524    100525    100526    100527
                 100528    100529    100530    100531    140546    140547    140548    140549
                 140550    140551    140552    140553    140554    140555    140556    140557
                 140558    140559    140560    140561    140562    140563    140564    140565
                 140566    140567    140568    140569    140570    140571    140572    140573
                 140574    140575    140576    140577    140578    140579    140580    140581
                 140582    140583    140584    140585    140586    140587    140588    140589
                 140590    140591    140592    140593    140594    140595    140596    140597
                 140598    140599    140600    140601    140602    140603    140604    140605
                 140606    140607    140608    140609    140610    140611    140612    140613
                 140614    140615    140616    140617    140618    140619    140620    140621
                 140622    140623    140624    140625    140626    140627    140628    140629
                 140630    140631    140632    140633    140634    140635    140636    140637
                 140638    140639    140640    140641    140642    140643    140644    140645
                 140646    140647    140648    140649    140650    140651    140652    140653
                 140654    140655    140656    140657    140658    140659    140660    140661
                 140662    140663    140664    140665    140666    140667    140668    140669
                 140670    140671    140672    140673    140674    140675    140676    140677
                 140678    140679    140680    140681    140682    140683    140684    140685
                 140686    140687    140688    140689    140690    140691    140692    140693
                 140694    140695    140696    140697    140698    140699    140700    140701
                 140702    140703    140704    140705    140706    140707    140708    140709
                 140710    140711    140712    140713    140714    140715    140716    140717
                 140718    140719    140720    140721    140722    140723    140724    140725
                 140726    140727    140728    140729    140730    140731    140732    140733
                 140734    140735    140736    140737    140738    140739    140740    140741
                 140742    140743    140744    140745    140746    140747    140748    140749
                 140750    140751    140752    140753    140754    140755    140756    140757
                 140758    140759    140760    140761    140762    140763    140764    140765
                 140766    140767    140768    140769    140770    140771    140772    140773
                 140774    140775    140776    140777    140778    140779    140780    140781
                 140782    140783    140784    140785    140786    140787    140788    140789
                 140790    140791    140792    140793    140794    140795    140796    140797
                 140798    140799    140800    140801    140802    140803    140804    140805
                 140806    140807    140808    140809    140810    140811    140812    140813
                 140814    140815    140816    140817    140818    140819    140820    140821
                 140822    140823    140824    140825    140826    140827    140828    140829
                 140830    140831    140832    140833    140834    140835    140836    140837
                 140838    140839    140840    140841    140842    140843    140844    140845
                 140846    140847    140848    140849    140850    140851    140852    140853
                 140854    140855    140856    140857    140858    140859    140860    140861
                 140862    140863    140864    140865    140866    140867    140868    140869
                 140870    140871    140872    140873    140874    140875    140876    140877
                 140878    140879    140880    140881    140882    140883    140884    140885
                 140886    140887    140888    140889    140890    140891    140892    140893
                 140894    140895    140896    140897    140898    140899    140900    140901
                 140902    140903    140904    140905    140906    140907    140908    140909
                 140910    140911    140912    140913    140914    140915    140916    140917
                 140918    140919    140920    140921    140922    140923    140924    140925
                 140926    140927    140928    140929    140930    140931    140932    140933
                 140934    140935    140936    140937    140938    140939    140940    140941
                 140942    140943    140944    140945    140946    140947    140948    140949
                 140950    140951    140952    140953    140954    140955    140956    140957
                 140958    140959    140960    140961    140962    140963    140964    140965
                 140966    140967    140968    140969    140970    140971    140972    140973
                 140974    140975    140976    140977    140978    140979    140980    140981
                 140982    140983    140984    140985    140986    140987    140988    140989
                 140990    140991    140992    140993    140994    140995    140996    140997
                 140998    140999    141000    141001    141002    141003    141004    141005
                 141006    141007    141008    141009    141010    141011    141012    141013
                 141014    141015    141016    141017    141018    141019    141020    141021
                 141022    141023    141024    141025    141026    141027    141028    141029
                 141030    141031    141032    141033    141034    141035    141036    141037
                 141038    141039    141040    141041    141042    141043    141044    141045
                 141046    141047    141048    141049    141050    141051    141052    141053
                 141054    141055    141056    141057    141058    141059    141060    141061
                 141062    141063    141064    141065    141066    141067    141068    141069
                 141070    141071    141072    141073    141074    141075    141076    141077
                 141078    141079    141080    141081    141082    141083    141084    141085
                 141086    141087    141088    141089    141090    141091    141092    141093
                 141094    141095    141096    141097    141098    141099    141100    141101
                 141102    141103    141104    141105    141106    141107    141108    141109
                 141110    141111    141112    141113    141114    141115    141116    141117
                 141118    141119    141120    141121    141122    141123    141124    141125
                 141126    141127    141128    141129    141130    141131    141132    141133
                 141134    141135    141136    141137    141138    141139    141140    141141
                 141142    141143    141144    141145    141146    141147    141148    141149
                 141150    141151    141152    141153    141154    141155    141156    141157
                 141158    141159    141160    141161    141162    141163    141164    141165
                 141166    141167    141168    141169    141170    141171    141172    141173
                 141174    141175    141176    141177    141178    141179    141180    141181
                 141182    141183    141184    141185    141186    141187    141188    141189
                 141190    141191    141192    141193    141194    141195    141196    141197
                 141198    141199    141200    141201    141202    141203    141204    141205
                 141206    141207    141208    141209    141210    141211    141212    141213
                 141214    141215    141216    141217    141218    141219    141220    141221
                 141222    141223    141224    141225    141226    141227    141228    141229
                 141230    141231    141232    141233    141234    141235    141236    141237
                 141238    141239    141240    141241    141242    141243    141244    141245
                 141246    141247    141248    141249    141250    141251    141252    141253
                 141254    141255    141256    141257    141258    141259    141260    141261
                 141262    141263    141264    141265    141266    141267    141268    141269
                 141270    141271    141272    141273    141274    141275    141276    141277
                 141278    141279    141280    141281    141282    141283    141284    141285
                 141286    141287    141288    141289    141290    141291    141292    141293
                 141294    141295    141296    141297    141298    141299    141300    141301
                 141302    141303    141304    141305    141306    141307    141308    141309
                 141310    141311    141312    141313    141314    141315    141316    141317
                 141318    141319    141320    141321    141322    141323    141324    141325
                 141326    141327    141328    141329    141330    141331    141332    141333
                 141334    141335    141336    141337    141338    141339    141340    141341
                 141342    141343    141344    141345    141346    141347    141348    141349
                 141350    141351    141352    141353    141354    141355    141356    141357
                 141358    141359    141360    141361    141362    141363    141364    141365
                 141366    141367    141368    141369    141370    141371    141372    141373
                 141374    141375    141376    141377    141378    141379    141380    141381
                 141382    141383    141384    141385    141386    141387    141388    141389
                 141390    141391    141392    141393    141394    141395    141396    141397
                 141398    141399    141400    141401    141402    141403    141404    141405
                 141406    141407    141408    141409    141410    141411    141412    141413
                 141414    141415    141416    141417    141418    141419    141420    141421
                 141422    141423    141424    141425    141426    141427

             no print                                                                                                                                                        
             ----------


             post                                                                                                                                                            
             ----------

             number of element variables on post file:    3

             binary post file will be used

             initial output frequency of post file:       1

             MSC.Marc 2005 style post file

             post variable     1 is post code   17 =                                                 
             post variable     2 is post code  311 =                                                 
             post variable     8 is post code  401 =                                                 
             maximum record length on binary post file=         170228
             approximate no. of words per increment on file=       10242768


             parameters                                                                                                                                                      
             ----------


             parameters set as follows 

             predictor used for stress-strain calculation    1.00000E+00
             penalty factor for boundary conditions          1.00000E+09
             penalty for incompressibility - r-p flow        1.00000E+02
             penalty for incompressibility - fluid flow      1.00000E+06
             beta parameter for Newmark operator             2.50000E-01
             gamma parameter for Newmark operator            5.00000E-01
             gamma1 parameter for Single-Step-Houbolt        1.50000E+00
             gamma parameter for Single-Step-Houbolt        -5.00000E-01
             sharp angle for sticking/separating - 2D        8.62500E+00
             sharp angle for sticking/separating - 3D        2.00000E+01
             initial strain rate for r-p flow                1.00000E-04
             lowest strain rate cut-off for r-p flow         1.00000E-06
             fraction of dilatational stress neglected       1.00000E+00
             factor for drilling d.o.f for shells            1.00000E-04
             factor for displacement after rezoning          1.00000E+00

             universal gas constant                          8.31400E+00
             absolute temperature offset                     2.73150E+02
             thermal properties evaluation weight            5.00000E-01
             surface projection factor in ssh dynamics       0.00000E+00
             Stefan Boltzmann constant                       5.67051E-08
             Planck's second radiation constant              1.43877E-02
             Speed of light in vacuum                        2.99790E+08
             Permeability of vacuum                          1.25664E-06
             Permittivity of vacuum                          8.85419E-12
             maximum iterative displacement component        1.00000E+30
             initial stiffness to simulate sticking          0.00000E+00
             minimum angle between the normal vectors of 
             contacting segments                             1.20000E+02
             radiation reflection cut-off                    1.00000E-03
             angle for averaging adjacent beams (s2s)        1.60000E+02
             stabilizer stiffness for model sections         0.00000E+00

             maximum change in temperature per iteration     1.00000E+02
             maximum rbe3 conditioning number                0.10000E+07

             end option                                                                                                                                                      
             ----------

             wall time =          21.00

             wall time =          25.00


             direct symmetric multi-frontal sparse solver is invoked for region   1


             number of element groups used:         1

                group     # elements     element type     material                             formulation

                   1      787904           134                1                                    S
 
               formulation:
                     S:   small displacement
 

     **** note ****
     can not find the following flow-data file 
     in job directory or in the material library:
     C:\MSC.Software\Marc\2013.1.0\marc2013.1\AF_flowmat\material1.mat
     This is ok if no separate flow-data file is required.
     Otherwise please provide the data file or result
     will be wrong.



             maximum connectivity in stiffness matrix is       2006 at node     170227



             maximum half-bandwidth is     170106  between nodes        123  and     170228

             number of profile entries excluding fill-in is         1207288



             total workspace needed with in-core matrix storage =       157574189
               part of solver workspace is allocated separately
             general memory increasing from     111 MByte to     601 MByte


             memory increased to       157574189 words during 
             sizing for operator matrix





             total workspace needed with in-core matrix storage =       157574189
               part of solver workspace is allocated separately

             allocated         72 words of memory due to kinematic boundary conditions







             load increments for each degree of freedom
             summed over the whole model

             from distributed loads
             dist. loads on undeformed configuration - increments for dist. loads
             increments for point loads
             0.000000E+00   0.000000E+00   0.000000E+00   0.000000E+00   0.000000E+00   0.000000E+00


             point loads
             0.000000E+00   5.000000E+02   0.000000E+00   0.000000E+00   0.000000E+00   0.000000E+00

             start of assembly     cycle number is     0
             wall time =          25.00




             solver workspace for phase1 (matrix input)    (64bit words) =         1462637 (     11.16 MByte)
             Metis nested dissection ordering used
             solver workspace for phase2 (nodal ordering)  (64bit words) =         4299090 (     32.80 MByte)
             solver workspace for phase3 (symbolic factor) (64bit words) =         9955696 (     75.96 MByte)
             solver workspace for phase4 (factorization)   (64bit words) =        21843575 (    166.65 MByte) (MINIMUM)
             solver workspace for phase4 (factorization)   (64bit words) =       226804628 (   1730.38 MByte) (MAXIMUM)
             solver workspace available and used           (64bit words) =       238144859 (   1816.90 MByte)


             start of matrix solution
             wall time =          58.00



             singularity ratio    5.7350E-03


             end of matrix solution
             wall time =          84.00



             element with highest stress relative to yield is     398724
             where equivalent stress is 2.202E-19  of yield







   Windows version
    Marc 2013.1.0, Build 230727  build date: Sat Oct 26 13:00:39 2013
   output for increment       0. "          Compression"


             total strain energy         is    2.75660E+00
               within which:
               elastic strain energy     is    2.75660E+00
             total ext-force work        is    2.75660E+00
               within which:
               work by appl. force/disp. is    2.75660E+00
               work by frictional forces is    0.00000E+00


             memory usage:                       MByte       words  % of total

              within general memory:           
               element stiffness matrices:          93    24355218         2.8
               solver: first part                  505   132429840        15.1
               overallocation initial allocation     0           4         0.0
               other:                                3      789127         0.1
              allocated separately:
               solver 8                           1806   473364444        54.1
               nodal vectors:                      171    44940200         5.1
               defined sets:                         0        3100         0.0
               tyings:                               1      208757         0.0
               transformations:                      1      340456         0.0
               kinematic boundary conditions:        0        1206         0.0
               points, curves and surfaces:          0          54         0.0
               mem_none:                            77    20129458         2.3
               element storage:                    652   170975318        19.6
               material properties:                  0        2032         0.0
               executable and common blocks:        27     7000000         0.8
               miscellaneous                         0         111         0.0
               ---------------------------------------------------------------
               total:                             3336   874539325

               general memory allocated:           601   157574189
               general memory used:                601   157574185

               peak memory usage:                 3413   894619765

             e n d   o f   i n c r e m e n t       0

             binary post data at increment       0.  subincrement    0.  on file 16
             wall time =          92.00


             $...................                                                                                                                                            


                              *** end of input deck - job ends


             memory usage:                       MByte       words  % of total

              within general memory:           
               element stiffness matrices:          93    24355218         2.8
               solver: first part                  505   132429840        15.1
               overallocation initial allocation     0           4         0.0
               other:                                3      789127         0.1
              allocated separately:
               solver 8                           1806   473364444        54.1
               nodal vectors:                      171    44940200         5.1
               defined sets:                         0        3100         0.0
               tyings:                               1      208757         0.0
               transformations:                      1      340456         0.0
               kinematic boundary conditions:        0        1206         0.0
               points, curves and surfaces:          0          54         0.0
               mem_none:                            77    20129458         2.3
               element storage:                    652   170975318        19.6
               material properties:                  0        2032         0.0
               executable and common blocks:        27     7000000         0.8
               miscellaneous                         0         111         0.0
               ---------------------------------------------------------------
               total:                             3336   874539325

               general memory allocated:           601   157574189
               general memory used:                601   157574185

               peak memory usage:                 3413   894619765


             timing information:                       wall time      cpu time

               total time for input:                       24.23         23.48
               total time for stiffness assembly:           4.10          4.10
               total time for stress recovery:              2.93          2.26
               total time for matrix solution:             55.96         30.23
               total time for output:                       4.54          3.82
               total time for miscellaneous:                1.19          0.94
               ---------------------------------------------------------------
               total time:                                 92.94         64.83


             **************************************************************************


             
             This is a successful completion to a Marc simulation,
             indicating that no additional incremental data was
             found and that the analysis is complete.
             




             **************************************************************************





                                         Marc 2013.1.0

                                        Exit number 3004

