                            M               M
                            W               W
                          MMMMM           MMMMM
                          WWWWW           WWWWW
                        MMMMMMMMM       MMMMMMMMM
                        WWWWWWWWW       WWWWWWWWW
                      MMMMMMMMMMMMM   MMMMMMMMMMMMM
                      WWWWWWWWWWWWW   WWWWWWWWWWWWW
                    MMMMMMMMMMMMMMMMMMMMMMMMMMMMMMMMM
                    WWWWWWWWWWWWWWWWWWWWWWWWWWWWWWWWW
                    MMMMMMMM MMMMMMMMMMMMMMM MMMMMMMM
                    WWWWWWWW WWWWWWWWWWWWWWW WWWWWWWW
                    MMMMMM     MMMMMMMMMMM     MMMMMM
                    WWWWWW     WWWWWWWWWWW     WWWWWW
                    MMMM         MMMMMMM         MMMM
                    WWWW         WWWWWWW         WWWW
                    MM             MMM             MM
                    WW             WWW             WW
                    M               M               M
                    W               W               W
                    MM             MMM             MM
                    WW             WWW             WW
                    MMMM         MMMMMMM         MMMM
                    WWWW         WWWWWWW         WWWW
                    MMMMMM     MMMMMMMMMMM     MMMMMM
                    WWWWWW     WWWWWWWWWWW     WWWWWW
                    MMMMMMMM MMMMMMMMMMMMMMM MMMMMMMM
                    WWWWWWWW WWWWWWWWWWWWWWW WWWWWWWW
                    MMMMMMMMMMMMMMMMMMMMMMMMMMMMMMMMM
                    WWWWWWWWWWWWWWWWWWWWWWWWWWWWWWWWW
                      MMMMMMMMMMMMM   MMMMMMMMMMMMM
                      WWWWWWWWWWWWW   WWWWWWWWWWWWW
                        MMMMMMMMM       MMMMMMMMM
                        WWWWWWWWW       WWWWWWWWW
                          MMMMM           MMMMM
                          WWWWW           WWWWW
                            M               M
                            W               W

             version:  Marc 2013.1.0, Build 230727  build date: Sat Oct 26 13:00:39 2013

             machine type: Windows

             integer*4 version: integers are 32-bits

             date: Wed Mar 28 18:11:11 2018


             (c) COPYRIGHT 2013 MSC Software Corporation, all rights reserved

                     Marc 2013.1.0 - W i n d o w s       

                     i n p u t   d a t a


                p a g e          1

                             10        20        30        40        50        60        70        80        90       100       110       120       130       140       150       160
                     ----------------------------------------------------------------------------------------------------------------------------------------------------------------
                     title               C+S
                     $....MARC input file produced by Marc Mentat 2013.1.0 (64bit)
                     $...................................
                     $....input file using extended precision
    card         5   extended
                     $...................................
                     sizing                                 0    552238    119464         0
                     alloc                       25
                     elements                   134
    card        10   version                     11
                     table                        0         0         2         1         1         0         0         1
                     processor                    1         1         1         0
                     ----------------------------------------------------------------------------------------------------------------------------------------------------------------
                             10        20        30        40        50        60        70        80        90       100       110       120       130       140       150       160
                     ----------------------------------------------------------------------------------------------------------------------------------------------------------------
                     ----------------------------------------------------------------------------------------------------------------------------------------------------------------
1
             general memory increasing from      25 MByte to      53 MByte


             memory increased to        14001932 words during 
             pre-reading of sets



   MSC Customer Entitlement ID
        56AC76BE-2832F2FA



                    *************************************************
                    *************************************************

                     program sizing and options requested as follows



                     element type requested*************************       134
                     number of elements in mesh*********************    552238
                     number of nodes in mesh************************    119464
                     load correction was suppressed*****************
                     number of constraint(tying) equations**********      2457
                     number of retained nodes plus one**************         8
                     elastic re-analysis flagged********************
                     values stored at all integration points********
                     tape no.for input of coordinates + connectivity         5
                     no.of different materials    1 max.no of slopes         5
                     number of points on shell section *************        11
                     new style input format will be used************
                     total number of tasks   used ******************         1
                     total number of threads used ******************         1
                     total number of processors used ***************         1
                     extended precision input is used ************** 
                     Marc input version ****************************        11
                     maximum number of boundary conditions *********         2
                     suppress echo of list items *******************
                     suppress echo of bc summary *******************
                     suppress echo of nurbs data *******************


                     end of parameters and sizing
                    *************************************************
                    *************************************************





                              key to stress, strain and displacement output



                                        element type       134


                              4-node isoparametric tetrahedral                       

                              stresses and strains in global directions               
                                1=xx                                                  
                                2=yy                                                  
                                3=zz                                                  
                                4=xy                                                  
                                5=yz                                                  
                                6=xz                                                  
                                                                                      
                              displacements in global directions                      
                                1=u global x direction                                
                                2=v global y direction                                
                                3=w global w direction                                

             allocated   31538503 words of memory due to nodal vectors


             allocated        568 words of memory due to boundary conditions


             allocated          7 words of memory due to geometric points


             allocated         32 words of memory due to geometric curves


             allocated         15 words of memory due to geometric surfaces


             allocated     238928 words of memory due to shell, user or contact transformations


             allocated      58971 words of memory due to tyings


             allocated         14 words of memory due to tyings

             general memory increasing from      53 MByte to      82 MByte


             memory increased to        21625643 words during 
             sizing for element storage



             allocated        566 words of memory due to boundary conditions


             allocated         12 words of memory due to tyings



             workspace needed for input and stiffness assembly:        17625643


             internal core allocation parameters
             degrees of freedom per node (ndeg)  6
             max. number of coordinates per node  3
             max. nodes per element (nnodmx)  4
             max. invariants per int. points (neqst)  1
             max.stress components per int. point (nstrmx)   6
             strains per integration point (ngens)  6


             flag for element storage (ielsto)  0
             element data in core

             memory usage per element group
                group   # elements     nelsto      MByte            words
                  1       552238         200         421         110447600
                ----------------------------------------------------------
                total     552238                     421         110447600


                              internal element variables



                              internal element number         1  library code type  134
                              number of nodes=  4
                              stresses stored per integration point =  6
                              direct continuum components stored =  3
                              shear continuum components stored =  3
                              shell/beam flag = 0
                              curvilinear  coord. flag = 0
                              int.points for elem. stiffness  1
                              number of local inertia directions  3
                              int.point for print if all points not flagged  1
                              int. points for dist. surface loads (pressure)  4
                              library code type =   134
                              large disp. row counts     6    6    6   11   11   11



                              residual load correction is switched off



             $...................                                                                                                                                            

             solver                                                                                                                                                          
             ----------


             multifrontal direct sparse solver invoked

             optimize                    11                                                                                                                                  
             ----------



             metis nested dissection algorithm

             connectivity                                                                                                                                                    
             ----------

                meshr1,  iprnt
                      5      1
                elem no., type,        nodes

             coordinates                                                                                                                                                     
             ----------

             ncrd1 ,meshr1,iprnt
                    3         5         1
                   node      coordinates

             define              node                set                 rbe2_1_nodes                                                                                        
             ----------

             a list of nodes given below 
                 68211     68228     68234     68235     68236     68237     68266     68267     68268     68269     68270     68271     68272
                     echo suppressed for       806 items
                     total number of items read:       819

             define              node                set                 apply1_nodes                                                                                        
             ----------

             a list of nodes given below 
                119462

             define              node                set                 rbe2_2_nodes                                                                                        
             ----------

             a list of nodes given below 
                 68200     68201     68202     68203     68204     68220     68302     68303     68304     68305     68306     68307     68308
                     echo suppressed for       806 items
                     total number of items read:       819

             define              node                set                 rbe2_3_nodes                                                                                        
             ----------

             a list of nodes given below 
                 68214     68215     68216     68221     68225     68232     69387     69388     69389     69390     69391     69392     69393
                     echo suppressed for       806 items
                     total number of items read:       819

             define              node                set                 apply2_nodes                                                                                        
             ----------

             a list of nodes given below 
                 85902    119464

             isotropic                                                                                                                                                       
             ----------


             isotropic material  material id =          1
              elastic    yield criteria
              isotropic  hardening rule

             material name is:       material1               


                 structural  property                         value       table id


             Youngs modulus                              6.90000E+04         0
             Poissons ratio                              3.30000E-01         0
             mass density                                0.00000E+00         0
             shear modulus                               2.59398E+04         0
             coefficient of thermal expansion            0.00000E+00         0
             Yield stress                                1.00000E+20         0
             cost per unit volume                        0.00000E+00         0
             cost per unit mass                          0.00000E+00         0


             from element          1 to element     552238 by          1

             fixed disp                                                                                                                                                      
             ----------


             read data from unit    5

             name of boundary condition apply1

             Displacements are applied incrementally relative to current position

             Prescribed Displacement for dof  1 =      0.00000E+00  table id is        0

             Prescribed Displacement for dof  2 =      0.00000E+00  table id is        0

             Prescribed Displacement for dof  3 =      0.00000E+00  table id is        0

             Prescribed Displacement for dof  4 =      0.00000E+00  table id is        0

             Prescribed Displacement for dof  5 =      0.00000E+00  table id is        0

             Prescribed Displacement for dof  6 =      0.00000E+00  table id is        0

             applied to node ids       

             apply1_nodes                                                                                                                                                    

             point load                                                                                                                                                      
             ----------


             read data from unit    5

             name of boundary condition apply2

             Prescribed Nodal Force    =      0.00000E+00  table id is        0

             Prescribed Nodal Force    =      2.50000E+02  table id is        0

             Prescribed Nodal Force    =      7.50000E+01  table id is        0

             Prescribed Nodal Force    =      0.00000E+00  table id is        0

             Prescribed Nodal Force    =      0.00000E+00  table id is        0

             Prescribed Nodal Force    =      0.00000E+00  table id is        0

             applied to node ids       

             apply2_nodes                                                                                                                                                    

             loadcase            C+S                                                                                                                                         
             ----------


             activate boundary condition apply1

             activate boundary condition apply2

             rbe2                                                                                                                                                            
             ----------

             read from unit     5
             tying number                 =         1 to        819
             reference node               =    119462
             DOF of the tied nodes        =         0
             number of tied nodes in list =       819
             list of tied nodes:
                  68211     68228     68234     68235     68236     68237     68266     68267
                  68268     68269     68270     68271     68272     68273     68274     68275
                  68276     68277     68278     68279     68280     68281     68282     68283
                  68284     68285     68286     68287     68288     68289     68290     68291
                  68292     68293     68294     68295     68296     68297     68298     68299
                  68300     68301     70394     70395     70396     70397     70398     70399
                  70400     70401     70402     70403     70404     70405     70406     70407
                  70408     70409     70410     70411     70412     70413     70414     70415
                  70416     70417     70418     70419     70420     70421     70422     70423
                  70424     70425     70426     70427     70428     70429     98917     98918
                  98919     98920     98921     98922     98923     98924     98925     98926
                  98927     98928     98929     98930     98931     98932     98933     98934
                  98935     98936     98937     98938     98939     98940     98941     98942
                  98943     98944     98945     98946     98947     98948     98949     98950
                  98951     98952     98953     98954     98955     98956     98957     98958
                  98959     98960     98961     98962     98963     98964     98965     98966
                  98967     98968     98969     98970     98971     98972     98973     98974
                  98975     98976     98977     98978     98979     98980     98981     98982
                  98983     98984     98985     98986     98987     98988     98989     98990
                  98991     98992     98993     98994     98995     98996     98997     98998
                  98999     99000     99001     99002     99003     99004     99005     99006
                  99007     99008     99009     99010     99011     99012     99013     99014
                  99015     99016     99017     99018     99019     99020     99021     99022
                  99023     99024     99025     99026     99027     99028     99029     99030
                  99031     99032     99033     99034     99035     99036     99037     99038
                  99039     99040     99041     99042     99043     99044     99045     99046
                  99047     99048     99049     99050     99051     99052     99053     99054
                  99055     99056     99057     99058     99059     99060     99061     99062
                  99063     99064     99065     99066     99067     99068     99069     99070
                  99071     99072     99073     99074     99075     99076     99077     99078
                  99079     99080     99081     99082     99083     99084     99085     99086
                  99087     99088     99089     99090     99091     99092     99093     99094
                  99095     99096     99097     99098     99099     99100     99101     99102
                  99103     99104     99105     99106     99107     99108     99109     99110
                  99111     99112     99113     99114     99115     99116     99117     99118
                  99119     99120     99121     99122     99123     99124     99125     99126
                  99127     99128     99129     99130     99131     99132     99133     99134
                  99135     99136     99137     99138     99139     99140     99141     99142
                  99143     99144     99145     99146     99147     99148     99149     99150
                  99151     99152     99153     99154     99155     99156     99157     99158
                  99159     99160     99161     99162     99163     99164     99165     99166
                  99167     99168     99169     99170     99171     99172     99173     99174
                  99175     99176     99177     99178     99179     99180     99181     99182
                  99183     99184     99185     99186     99187     99188     99189     99190
                  99191     99192     99193     99194     99195     99196     99197     99198
                  99199     99200     99201     99202     99203     99204     99205     99206
                  99207     99208     99209     99210     99211     99212     99213     99214
                  99215     99216     99217     99218     99219     99220     99221     99222
                  99223     99224     99225     99226     99227     99228     99229     99230
                  99231     99232     99233     99234     99235     99236     99237     99238
                  99239     99240     99241     99242     99243     99244     99245     99246
                  99247     99248     99249     99250     99251     99252     99253     99254
                  99255     99256     99257     99258     99259     99260     99261     99262
                  99263     99264     99265     99266     99267     99268     99269     99270
                  99271     99272     99273     99274     99275     99276     99277     99278
                  99279     99280     99281     99282     99283     99284     99285     99286
                  99287     99288     99289     99290     99291     99292     99293     99294
                  99295     99296     99297     99298     99299     99300     99301     99302
                  99303     99304     99305     99306     99307     99308     99309     99310
                  99311     99312     99313     99314     99315     99316     99317     99318
                  99319     99320     99321     99322     99323     99324     99325     99326
                  99327     99328     99329     99330     99331     99332     99333     99334
                  99335     99336     99337     99338     99339     99340     99341     99342
                  99343     99344     99345     99346     99347     99348     99349     99350
                  99351     99352     99353     99354     99355     99356     99357     99358
                  99359     99360     99361     99362     99363     99364     99365     99366
                  99367     99368     99369     99370     99371     99372     99373     99374
                  99375     99376     99377     99378     99379     99380     99381     99382
                  99383     99384     99385     99386     99387     99388     99389     99390
                  99391     99392     99393     99394     99395     99396     99397     99398
                  99399     99400     99401     99402     99403     99404     99405     99406
                  99407     99408     99409     99410     99411     99412     99413     99414
                  99415     99416     99417     99418     99419     99420     99421     99422
                  99423     99424     99425     99426     99427     99428     99429     99430
                  99431     99432     99433     99434     99435     99436     99437     99438
                  99439     99440     99441     99442     99443     99444     99445     99446
                  99447     99448     99449     99450     99451     99452     99453     99454
                  99455     99456     99457     99458     99459     99460     99461     99462
                  99463     99464     99465     99466     99467     99468     99469     99470
                  99471     99472     99473     99474     99475     99476     99477     99478
                  99479     99480     99481     99482     99483     99484     99485     99486
                  99487     99488     99489     99490     99491     99492     99493     99494
                  99495     99496     99497     99498     99499     99500     99501     99502
                  99503     99504     99505     99506     99507     99508     99509     99510
                  99511     99512     99513     99514     99515     99516     99517     99518
                  99519     99520     99521     99522     99523     99524     99525     99526
                  99527     99528     99529     99530     99531     99532     99533     99534
                  99535     99536     99537     99538     99539     99540     99541     99542
                  99543     99544     99545     99546     99547     99548     99549     99550
                  99551     99552     99553     99554     99555     99556     99557     99558
                  99559     99560     99561     99562     99563     99564     99565     99566
                  99567     99568     99569     99570     99571     99572     99573     99574
                  99575     99576     99577     99578     99579     99580     99581     99582
                  99583     99584     99585     99586     99587     99588     99589     99590
                  99591     99592     99593     99594     99595     99596     99597     99598
                  99599     99600     99601     99602     99603     99604     99605     99606
                  99607     99608     99609     99610     99611     99612     99613     99614
                  99615     99616     99617     99618     99619     99620     99621     99622
                  99623     99624     99625     99626     99627     99628     99629     99630
                  99631     99632     99633     99634     99635     99636     99637     99638
                  99639     99640     99641     99642     99643     99644     99645     99646
                  99647     99648     99649     99650     99651     99652     99653     99654
                  99655     99656     99657
             tying number                 =       820 to       1638
             reference node               =    119464
             DOF of the tied nodes        =         0
             number of tied nodes in list =       819
             list of tied nodes:
                  68200     68201     68202     68203     68204     68220     68302     68303
                  68304     68305     68306     68307     68308     68309     68310     68311
                  68312     68313     68314     68315     68316     68317     68318     68319
                  68320     68321     68322     68323     68324     68325     68326     68327
                  68328     68329     68330     68331     68332     68333     68334     68335
                  68336     68337     69459     69460     69461     69462     69463     69464
                  69465     69466     69467     69468     69469     69470     69471     69472
                  69473     69474     69475     69476     69477     69478     69479     69480
                  69481     69482     69483     69484     69485     69486     69487     69488
                  69489     69490     69491     69492     69493     69494    118721    118722
                 118723    118724    118725    118726    118727    118728    118729    118730
                 118731    118732    118733    118734    118735    118736    118737    118738
                 118739    118740    118741    118742    118743    118744    118745    118746
                 118747    118748    118749    118750    118751    118752    118753    118754
                 118755    118756    118757    118758    118759    118760    118761    118762
                 118763    118764    118765    118766    118767    118768    118769    118770
                 118771    118772    118773    118774    118775    118776    118777    118778
                 118779    118780    118781    118782    118783    118784    118785    118786
                 118787    118788    118789    118790    118791    118792    118793    118794
                 118795    118796    118797    118798    118799    118800    118801    118802
                 118803    118804    118805    118806    118807    118808    118809    118810
                 118811    118812    118813    118814    118815    118816    118817    118818
                 118819    118820    118821    118822    118823    118824    118825    118826
                 118827    118828    118829    118830    118831    118832    118833    118834
                 118835    118836    118837    118838    118839    118840    118841    118842
                 118843    118844    118845    118846    118847    118848    118849    118850
                 118851    118852    118853    118854    118855    118856    118857    118858
                 118859    118860    118861    118862    118863    118864    118865    118866
                 118867    118868    118869    118870    118871    118872    118873    118874
                 118875    118876    118877    118878    118879    118880    118881    118882
                 118883    118884    118885    118886    118887    118888    118889    118890
                 118891    118892    118893    118894    118895    118896    118897    118898
                 118899    118900    118901    118902    118903    118904    118905    118906
                 118907    118908    118909    118910    118911    118912    118913    118914
                 118915    118916    118917    118918    118919    118920    118921    118922
                 118923    118924    118925    118926    118927    118928    118929    118930
                 118931    118932    118933    118934    118935    118936    118937    118938
                 118939    118940    118941    118942    118943    118944    118945    118946
                 118947    118948    118949    118950    118951    118952    118953    118954
                 118955    118956    118957    118958    118959    118960    118961    118962
                 118963    118964    118965    118966    118967    118968    118969    118970
                 118971    118972    118973    118974    118975    118976    118977    118978
                 118979    118980    118981    118982    118983    118984    118985    118986
                 118987    118988    118989    118990    118991    118992    118993    118994
                 118995    118996    118997    118998    118999    119000    119001    119002
                 119003    119004    119005    119006    119007    119008    119009    119010
                 119011    119012    119013    119014    119015    119016    119017    119018
                 119019    119020    119021    119022    119023    119024    119025    119026
                 119027    119028    119029    119030    119031    119032    119033    119034
                 119035    119036    119037    119038    119039    119040    119041    119042
                 119043    119044    119045    119046    119047    119048    119049    119050
                 119051    119052    119053    119054    119055    119056    119057    119058
                 119059    119060    119061    119062    119063    119064    119065    119066
                 119067    119068    119069    119070    119071    119072    119073    119074
                 119075    119076    119077    119078    119079    119080    119081    119082
                 119083    119084    119085    119086    119087    119088    119089    119090
                 119091    119092    119093    119094    119095    119096    119097    119098
                 119099    119100    119101    119102    119103    119104    119105    119106
                 119107    119108    119109    119110    119111    119112    119113    119114
                 119115    119116    119117    119118    119119    119120    119121    119122
                 119123    119124    119125    119126    119127    119128    119129    119130
                 119131    119132    119133    119134    119135    119136    119137    119138
                 119139    119140    119141    119142    119143    119144    119145    119146
                 119147    119148    119149    119150    119151    119152    119153    119154
                 119155    119156    119157    119158    119159    119160    119161    119162
                 119163    119164    119165    119166    119167    119168    119169    119170
                 119171    119172    119173    119174    119175    119176    119177    119178
                 119179    119180    119181    119182    119183    119184    119185    119186
                 119187    119188    119189    119190    119191    119192    119193    119194
                 119195    119196    119197    119198    119199    119200    119201    119202
                 119203    119204    119205    119206    119207    119208    119209    119210
                 119211    119212    119213    119214    119215    119216    119217    119218
                 119219    119220    119221    119222    119223    119224    119225    119226
                 119227    119228    119229    119230    119231    119232    119233    119234
                 119235    119236    119237    119238    119239    119240    119241    119242
                 119243    119244    119245    119246    119247    119248    119249    119250
                 119251    119252    119253    119254    119255    119256    119257    119258
                 119259    119260    119261    119262    119263    119264    119265    119266
                 119267    119268    119269    119270    119271    119272    119273    119274
                 119275    119276    119277    119278    119279    119280    119281    119282
                 119283    119284    119285    119286    119287    119288    119289    119290
                 119291    119292    119293    119294    119295    119296    119297    119298
                 119299    119300    119301    119302    119303    119304    119305    119306
                 119307    119308    119309    119310    119311    119312    119313    119314
                 119315    119316    119317    119318    119319    119320    119321    119322
                 119323    119324    119325    119326    119327    119328    119329    119330
                 119331    119332    119333    119334    119335    119336    119337    119338
                 119339    119340    119341    119342    119343    119344    119345    119346
                 119347    119348    119349    119350    119351    119352    119353    119354
                 119355    119356    119357    119358    119359    119360    119361    119362
                 119363    119364    119365    119366    119367    119368    119369    119370
                 119371    119372    119373    119374    119375    119376    119377    119378
                 119379    119380    119381    119382    119383    119384    119385    119386
                 119387    119388    119389    119390    119391    119392    119393    119394
                 119395    119396    119397    119398    119399    119400    119401    119402
                 119403    119404    119405    119406    119407    119408    119409    119410
                 119411    119412    119413    119414    119415    119416    119417    119418
                 119419    119420    119421    119422    119423    119424    119425    119426
                 119427    119428    119429    119430    119431    119432    119433    119434
                 119435    119436    119437    119438    119439    119440    119441    119442
                 119443    119444    119445    119446    119447    119448    119449    119450
                 119451    119452    119453    119454    119455    119456    119457    119458
                 119459    119460    119461
             tying number                 =      1639 to       2457
             reference node               =    119463
             DOF of the tied nodes        =         0
             number of tied nodes in list =       819
             list of tied nodes:
                  68214     68215     68216     68221     68225     68232     69387     69388
                  69389     69390     69391     69392     69393     69394     69395     69396
                  69397     69398     69399     69400     69401     69402     69403     69404
                  69405     69406     69407     69408     69409     69410     69411     69412
                  69413     69414     69415     69416     69417     69418     69419     69420
                  69421     69422     69423     69424     69425     69426     69427     69428
                  69429     69430     69431     69432     69433     69434     69435     69436
                  69437     69438     69439     69440     69441     69442     69443     69444
                  69445     69446     69447     69448     69449     69450     69451     69452
                  69453     69454     69455     69456     69457     69458     85449     85450
                  85451     85452     85453     85454     85455     85456     85457     85458
                  85459     85460     85461     85462     85463     85464     85465     85466
                  85467     85468     85469     85470     85471     85472     85473     85474
                  85475     85476     85477     85478     85479     85480     85481     85482
                  85483     85484     85485     85486     85487     85488     85489     85490
                  85491     85492     85493     85494     85495     85496     85497     85498
                  85499     85500     85501     85502     85503     85504     85505     85506
                  85507     85508     85509     85510     85511     85512     85513     85514
                  85515     85516     85517     85518     85519     85520     85521     85522
                  85523     85524     85525     85526     85527     85528     85529     85530
                  85531     85532     85533     85534     85535     85536     85537     85538
                  85539     85540     85541     85542     85543     85544     85545     85546
                  85547     85548     85549     85550     85551     85552     85553     85554
                  85555     85556     85557     85558     85559     85560     85561     85562
                  85563     85564     85565     85566     85567     85568     85569     85570
                  85571     85572     85573     85574     85575     85576     85577     85578
                  85579     85580     85581     85582     85583     85584     85585     85586
                  85587     85588     85589     85590     85591     85592     85593     85594
                  85595     85596     85597     85598     85599     85600     85601     85602
                  85603     85604     85605     85606     85607     85608     85609     85610
                  85611     85612     85613     85614     85615     85616     85617     85618
                  85619     85620     85621     85622     85623     85624     85625     85626
                  85627     85628     85629     85630     85631     85632     85633     85634
                  85635     85636     85637     85638     85639     85640     85641     85642
                  85643     85644     85645     85646     85647     85648     85649     85650
                  85651     85652     85653     85654     85655     85656     85657     85658
                  85659     85660     85661     85662     85663     85664     85665     85666
                  85667     85668     85669     85670     85671     85672     85673     85674
                  85675     85676     85677     85678     85679     85680     85681     85682
                  85683     85684     85685     85686     85687     85688     85689     85690
                  85691     85692     85693     85694     85695     85696     85697     85698
                  85699     85700     85701     85702     85703     85704     85705     85706
                  85707     85708     85709     85710     85711     85712     85713     85714
                  85715     85716     85717     85718     85719     85720     85721     85722
                  85723     85724     85725     85726     85727     85728     85729     85730
                  85731     85732     85733     85734     85735     85736     85737     85738
                  85739     85740     85741     85742     85743     85744     85745     85746
                  85747     85748     85749     85750     85751     85752     85753     85754
                  85755     85756     85757     85758     85759     85760     85761     85762
                  85763     85764     85765     85766     85767     85768     85769     85770
                  85771     85772     85773     85774     85775     85776     85777     85778
                  85779     85780     85781     85782     85783     85784     85785     85786
                  85787     85788     85789     85790     85791     85792     85793     85794
                  85795     85796     85797     85798     85799     85800     85801     85802
                  85803     85804     85805     85806     85807     85808     85809     85810
                  85811     85812     85813     85814     85815     85816     85817     85818
                  85819     85820     85821     85822     85823     85824     85825     85826
                  85827     85828     85829     85830     85831     85832     85833     85834
                  85835     85836     85837     85838     85839     85840     85841     85842
                  85843     85844     85845     85846     85847     85848     85849     85850
                  85851     85852     85853     85854     85855     85856     85857     85858
                  85859     85860     85861     85862     85863     85864     85865     85866
                  85867     85868     85869     85870     85871     85872     85873     85874
                  85875     85876     85877     85878     85879     85880     85881     85882
                  85883     85884     85885     85886     85887     85888     85889     85890
                  85891     85892     85893     85894     85895     85896     85897     85898
                  85899     85900     85901     85902     85903     85904     85905     85906
                  85907     85908     85909     85910     85911     85912     85913     85914
                  85915     85916     85917     85918     85919     85920     85921     85922
                  85923     85924     85925     85926     85927     85928     85929     85930
                  85931     85932     85933     85934     85935     85936     85937     85938
                  85939     85940     85941     85942     85943     85944     85945     85946
                  85947     85948     85949     85950     85951     85952     85953     85954
                  85955     85956     85957     85958     85959     85960     85961     85962
                  85963     85964     85965     85966     85967     85968     85969     85970
                  85971     85972     85973     85974     85975     85976     85977     85978
                  85979     85980     85981     85982     85983     85984     85985     85986
                  85987     85988     85989     85990     85991     85992     85993     85994
                  85995     85996     85997     85998     85999     86000     86001     86002
                  86003     86004     86005     86006     86007     86008     86009     86010
                  86011     86012     86013     86014     86015     86016     86017     86018
                  86019     86020     86021     86022     86023     86024     86025     86026
                  86027     86028     86029     86030     86031     86032     86033     86034
                  86035     86036     86037     86038     86039     86040     86041     86042
                  86043     86044     86045     86046     86047     86048     86049     86050
                  86051     86052     86053     86054     86055     86056     86057     86058
                  86059     86060     86061     86062     86063     86064     86065     86066
                  86067     86068     86069     86070     86071     86072     86073     86074
                  86075     86076     86077     86078     86079     86080     86081     86082
                  86083     86084     86085     86086     86087     86088     86089     86090
                  86091     86092     86093     86094     86095     86096     86097     86098
                  86099     86100     86101     86102     86103     86104     86105     86106
                  86107     86108     86109     86110     86111     86112     86113     86114
                  86115     86116     86117     86118     86119     86120     86121     86122
                  86123     86124     86125     86126     86127     86128     86129     86130
                  86131     86132     86133     86134     86135     86136     86137     86138
                  86139     86140     86141     86142     86143     86144     86145     86146
                  86147     86148     86149     86150     86151     86152     86153     86154
                  86155     86156     86157     86158     86159     86160     86161     86162
                  86163     86164     86165     86166     86167     86168     86169     86170
                  86171     86172     86173     86174     86175     86176     86177     86178
                  86179     86180     86181     86182     86183     86184     86185     86186
                  86187     86188     86189

             no print                                                                                                                                                        
             ----------


             post                                                                                                                                                            
             ----------

             number of element variables on post file:    2

             binary post file will be used

             initial output frequency of post file:       1

             MSC.Marc 2005 style post file

             post variable     1 is post code   17 =                                                 
             post variable     2 is post code  311 =                                                 
             maximum record length on binary post file=         119464
             approximate no. of words per increment on file=        3865682


             parameters                                                                                                                                                      
             ----------


             parameters set as follows 

             predictor used for stress-strain calculation    1.00000E+00
             penalty factor for boundary conditions          1.00000E+09
             penalty for incompressibility - r-p flow        1.00000E+02
             penalty for incompressibility - fluid flow      1.00000E+06
             beta parameter for Newmark operator             2.50000E-01
             gamma parameter for Newmark operator            5.00000E-01
             gamma1 parameter for Single-Step-Houbolt        1.50000E+00
             gamma parameter for Single-Step-Houbolt        -5.00000E-01
             sharp angle for sticking/separating - 2D        8.62500E+00
             sharp angle for sticking/separating - 3D        2.00000E+01
             initial strain rate for r-p flow                1.00000E-04
             lowest strain rate cut-off for r-p flow         1.00000E-06
             fraction of dilatational stress neglected       1.00000E+00
             factor for drilling d.o.f for shells            1.00000E-04
             factor for displacement after rezoning          1.00000E+00

             universal gas constant                          8.31400E+00
             absolute temperature offset                     2.73150E+02
             thermal properties evaluation weight            5.00000E-01
             surface projection factor in ssh dynamics       0.00000E+00
             Stefan Boltzmann constant                       5.67051E-08
             Planck's second radiation constant              1.43877E-02
             Speed of light in vacuum                        2.99790E+08
             Permeability of vacuum                          1.25664E-06
             Permittivity of vacuum                          8.85419E-12
             maximum iterative displacement component        1.00000E+30
             initial stiffness to simulate sticking          0.00000E+00
             minimum angle between the normal vectors of 
             contacting segments                             1.20000E+02
             radiation reflection cut-off                    1.00000E-03
             angle for averaging adjacent beams (s2s)        1.60000E+02
             stabilizer stiffness for model sections         0.00000E+00

             maximum change in temperature per iteration     1.00000E+02
             maximum rbe3 conditioning number                0.10000E+07

             end option                                                                                                                                                      
             ----------

             wall time =          17.00

             wall time =          20.00


             direct symmetric multi-frontal sparse solver is invoked for region   1


             number of element groups used:         1

                group     # elements     element type     material                             formulation

                   1      552238           134                1                                    S
 
               formulation:
                     S:   small displacement
 

     **** note ****
     can not find the following flow-data file 
     in job directory or in the material library:
     C:\MSC.Software\Marc\2013.1.0\marc2013.1\AF_flowmat\material1.mat
     This is ok if no separate flow-data file is required.
     Otherwise please provide the data file or result
     will be wrong.



             maximum connectivity in stiffness matrix is       1718 at node     119462



             maximum half-bandwidth is     119074  between nodes        389  and     119462

             number of profile entries excluding fill-in is          847535



             total workspace needed with in-core matrix storage =       110592991
               part of solver workspace is allocated separately
             general memory increasing from      82 MByte to     421 MByte


             memory increased to       110592991 words during 
             sizing for operator matrix





             total workspace needed with in-core matrix storage =       110592991
               part of solver workspace is allocated separately

             allocated         72 words of memory due to kinematic boundary conditions







             load increments for each degree of freedom
             summed over the whole model

             from distributed loads
             dist. loads on undeformed configuration - increments for dist. loads
             increments for point loads
             0.000000E+00   0.000000E+00   0.000000E+00   0.000000E+00   0.000000E+00   0.000000E+00


             point loads
             0.000000E+00   5.000000E+02   1.500000E+02   0.000000E+00   0.000000E+00   0.000000E+00

             start of assembly     cycle number is     0
             wall time =          20.00




             solver workspace for phase1 (matrix input)    (64bit words) =         1026738 (      7.83 MByte)
             Metis nested dissection ordering used
             solver workspace for phase2 (nodal ordering)  (64bit words) =         3026179 (     23.09 MByte)
             solver workspace for phase3 (symbolic factor) (64bit words) =         6961568 (     53.11 MByte)
             solver workspace for phase4 (factorization)   (64bit words) =        15325687 (    116.93 MByte) (MINIMUM)
             solver workspace for phase4 (factorization)   (64bit words) =       148359876 (   1131.90 MByte) (MAXIMUM)
             solver workspace available and used           (64bit words) =       155777869 (   1188.49 MByte)


             start of matrix solution
             wall time =          29.00



             singularity ratio    4.8939E-03


             end of matrix solution
             wall time =          40.00



             element with highest stress relative to yield is     361718
             where equivalent stress is 4.514E-19  of yield







   Windows version
    Marc 2013.1.0, Build 230727  build date: Sat Oct 26 13:00:39 2013
   output for increment       0. "          C+S"


             total strain energy         is    1.66819E+01
               within which:
               elastic strain energy     is    1.66819E+01
             total ext-force work        is    1.66819E+01
               within which:
               work by appl. force/disp. is    1.66819E+01
               work by frictional forces is    0.00000E+00


             memory usage:                       MByte       words  % of total

              within general memory:           
               element stiffness matrices:          65    17072178         2.9
               solver: first part                  355    92967348        15.7
               overallocation initial allocation     0           4         0.0
               other:                                2      553461         0.1
              allocated separately:
               solver 8                           1181   309502262        52.2
               nodal vectors:                      120    31538504         5.3
               defined sets:                         0        2658         0.0
               tyings:                               1      176933         0.0
               transformations:                      1      238928         0.0
               kinematic boundary conditions:        0        1206         0.0
               points, curves and surfaces:          0          54         0.0
               mem_none:                            54    14188536         2.4
               element storage:                    457   119835796        20.2
               material properties:                  0        2032         0.0
               executable and common blocks:        27     7000000         1.2
               miscellaneous                         0         111         0.0
               ---------------------------------------------------------------
               total:                             2262   593080011

               general memory allocated:           422   110592991
               general memory used:                422   110592987

               peak memory usage:                 2316   607121811

             e n d   o f   i n c r e m e n t       0

             binary post data at increment       0.  subincrement    0.  on file 16
             wall time =          44.00


             $...................                                                                                                                                            


                              *** end of input deck - job ends


             memory usage:                       MByte       words  % of total

              within general memory:           
               element stiffness matrices:          65    17072178         2.9
               solver: first part                  355    92967348        15.7
               overallocation initial allocation     0           4         0.0
               other:                                2      553461         0.1
              allocated separately:
               solver 8                           1181   309502262        52.2
               nodal vectors:                      120    31538504         5.3
               defined sets:                         0        2658         0.0
               tyings:                               1      176933         0.0
               transformations:                      1      238928         0.0
               kinematic boundary conditions:        0        1206         0.0
               points, curves and surfaces:          0          54         0.0
               mem_none:                            54    14188536         2.4
               element storage:                    457   119835796        20.2
               material properties:                  0        2032         0.0
               executable and common blocks:        27     7000000         1.2
               miscellaneous                         0         111         0.0
               ---------------------------------------------------------------
               total:                             2262   593080011

               general memory allocated:           422   110592991
               general memory used:                422   110592987

               peak memory usage:                 2316   607121811


             timing information:                       wall time      cpu time

               total time for input:                       15.48         15.30
               total time for stiffness assembly:           2.60          2.59
               total time for stress recovery:              1.29          1.29
               total time for matrix solution:             17.53         16.18
               total time for output:                       2.25          2.18
               total time for miscellaneous:                4.42          1.64
               ---------------------------------------------------------------
               total time:                                 43.59         39.19


             **************************************************************************


             
             This is a successful completion to a Marc simulation,
             indicating that no additional incremental data was
             found and that the analysis is complete.
             




             **************************************************************************





                                         Marc 2013.1.0

                                        Exit number 3004

