                            M               M
                            W               W
                          MMMMM           MMMMM
                          WWWWW           WWWWW
                        MMMMMMMMM       MMMMMMMMM
                        WWWWWWWWW       WWWWWWWWW
                      MMMMMMMMMMMMM   MMMMMMMMMMMMM
                      WWWWWWWWWWWWW   WWWWWWWWWWWWW
                    MMMMMMMMMMMMMMMMMMMMMMMMMMMMMMMMM
                    WWWWWWWWWWWWWWWWWWWWWWWWWWWWWWWWW
                    MMMMMMMM MMMMMMMMMMMMMMM MMMMMMMM
                    WWWWWWWW WWWWWWWWWWWWWWW WWWWWWWW
                    MMMMMM     MMMMMMMMMMM     MMMMMM
                    WWWWWW     WWWWWWWWWWW     WWWWWW
                    MMMM         MMMMMMM         MMMM
                    WWWW         WWWWWWW         WWWW
                    MM             MMM             MM
                    WW             WWW             WW
                    M               M               M
                    W               W               W
                    MM             MMM             MM
                    WW             WWW             WW
                    MMMM         MMMMMMM         MMMM
                    WWWW         WWWWWWW         WWWW
                    MMMMMM     MMMMMMMMMMM     MMMMMM
                    WWWWWW     WWWWWWWWWWW     WWWWWW
                    MMMMMMMM MMMMMMMMMMMMMMM MMMMMMMM
                    WWWWWWWW WWWWWWWWWWWWWWW WWWWWWWW
                    MMMMMMMMMMMMMMMMMMMMMMMMMMMMMMMMM
                    WWWWWWWWWWWWWWWWWWWWWWWWWWWWWWWWW
                      MMMMMMMMMMMMM   MMMMMMMMMMMMM
                      WWWWWWWWWWWWW   WWWWWWWWWWWWW
                        MMMMMMMMM       MMMMMMMMM
                        WWWWWWWWW       WWWWWWWWW
                          MMMMM           MMMMM
                          WWWWW           WWWWW
                            M               M
                            W               W

             version:  Marc 2013.1.0, Build 230727  build date: Sat Oct 26 13:00:39 2013

             machine type: Windows

             integer*4 version: integers are 32-bits

             date: Wed Mar 28 17:21:52 2018


             (c) COPYRIGHT 2013 MSC Software Corporation, all rights reserved

                     Marc 2013.1.0 - W i n d o w s       

                     i n p u t   d a t a


                p a g e          1

                             10        20        30        40        50        60        70        80        90       100       110       120       130       140       150       160
                     ----------------------------------------------------------------------------------------------------------------------------------------------------------------
                     title               job1
                     $....MARC input file produced by Marc Mentat 2013.1.0 (64bit)
                     $...................................
                     $....input file using extended precision
    card         5   extended
                     $...................................
                     sizing                                 0    351752     77967         0
                     alloc                       25
                     elements                   134
    card        10   version                     11
                     table                        0         0         2         1         1         0         0         1
                     processor                    1         1         1         0
                     ----------------------------------------------------------------------------------------------------------------------------------------------------------------
                             10        20        30        40        50        60        70        80        90       100       110       120       130       140       150       160
                     ----------------------------------------------------------------------------------------------------------------------------------------------------------------
                     ----------------------------------------------------------------------------------------------------------------------------------------------------------------
1
             general memory increasing from      25 MByte to      53 MByte


             memory increased to        14001932 words during 
             pre-reading of sets



   MSC Customer Entitlement ID
        56AC76BE-2832F2FA



                    *************************************************
                    *************************************************

                     program sizing and options requested as follows



                     element type requested*************************       134
                     number of elements in mesh*********************    351752
                     number of nodes in mesh************************     77967
                     load correction was suppressed*****************
                     number of constraint(tying) equations**********      1287
                     number of retained nodes plus one**************         8
                     elastic re-analysis flagged********************
                     values stored at all integration points********
                     tape no.for input of coordinates + connectivity         5
                     no.of different materials    1 max.no of slopes         5
                     number of points on shell section *************        11
                     new style input format will be used************
                     total number of tasks   used ******************         1
                     total number of threads used ******************         1
                     total number of processors used ***************         1
                     extended precision input is used ************** 
                     Marc input version ****************************        11
                     maximum number of boundary conditions *********         2
                     suppress echo of list items *******************
                     suppress echo of bc summary *******************
                     suppress echo of nurbs data *******************


                     end of parameters and sizing
                    *************************************************
                    *************************************************





                              key to stress, strain and displacement output



                                        element type       134


                              4-node isoparametric tetrahedral                       

                              stresses and strains in global directions               
                                1=xx                                                  
                                2=yy                                                  
                                3=zz                                                  
                                4=xy                                                  
                                5=yz                                                  
                                6=xz                                                  
                                                                                      
                              displacements in global directions                      
                                1=u global x direction                                
                                2=v global y direction                                
                                3=w global w direction                                

             allocated   20583295 words of memory due to nodal vectors


             allocated        568 words of memory due to boundary conditions


             allocated          7 words of memory due to geometric points


             allocated         32 words of memory due to geometric curves


             allocated         15 words of memory due to geometric surfaces


             allocated     155934 words of memory due to shell, user or contact transformations


             allocated      30891 words of memory due to tyings


             allocated         14 words of memory due to tyings



             workspace needed for input and stiffness assembly:        11246215


             internal core allocation parameters
             degrees of freedom per node (ndeg)  6
             max. number of coordinates per node  3
             max. nodes per element (nnodmx)  4
             max. invariants per int. points (neqst)  1
             max.stress components per int. point (nstrmx)   6
             strains per integration point (ngens)  6


             flag for element storage (ielsto)  0
             element data in core

             memory usage per element group
                group   # elements     nelsto      MByte            words
                  1       351752         200         268          70350400
                ----------------------------------------------------------
                total     351752                     268          70350400


                              internal element variables



                              internal element number         1  library code type  134
                              number of nodes=  4
                              stresses stored per integration point =  6
                              direct continuum components stored =  3
                              shear continuum components stored =  3
                              shell/beam flag = 0
                              curvilinear  coord. flag = 0
                              int.points for elem. stiffness  1
                              number of local inertia directions  3
                              int.point for print if all points not flagged  1
                              int. points for dist. surface loads (pressure)  4
                              library code type =   134
                              large disp. row counts     6    6    6   11   11   11



                              residual load correction is switched off



             $...................                                                                                                                                            

             solver                                                                                                                                                          
             ----------


             multifrontal direct sparse solver invoked

             optimize                    11                                                                                                                                  
             ----------



             metis nested dissection algorithm

             connectivity                                                                                                                                                    
             ----------

                meshr1,  iprnt
                      5      1
                elem no., type,        nodes

             coordinates                                                                                                                                                     
             ----------

             ncrd1 ,meshr1,iprnt
                    3         5         1
                   node      coordinates

             define              node                set                 rbe2_1_nodes                                                                                        
             ----------

             a list of nodes given below 
                 41085     41086     41106     41121     41122     41123     41132     41133     41134     41135     41136     41137     41138
                     echo suppressed for       806 items
                     total number of items read:       819

             define              node                set                 apply1_nodes                                                                                        
             ----------

             a list of nodes given below 
                 77965

             define              node                set                 rbe2_2_nodes                                                                                        
             ----------

             a list of nodes given below 
                 41080     41081     41101     41110     41112     41113     41860     41861     41862     41863     41864     41865     41866
                     echo suppressed for       221 items
                     total number of items read:       234

             define              node                set                 rbe2_3_nodes                                                                                        
             ----------

             a list of nodes given below 
                 41092     41093     41094     41095     41104     41115     42316     42317     42318     42319     42320     42321     42322
                     echo suppressed for       221 items
                     total number of items read:       234

             define              node                set                 apply2_nodes                                                                                        
             ----------

             a list of nodes given below 
                 77966     77967

             isotropic                                                                                                                                                       
             ----------


             isotropic material  material id =          1
              elastic    yield criteria
              isotropic  hardening rule

             material name is:       material1               


                 structural  property                         value       table id


             Youngs modulus                              6.90000E+04         0
             Poissons ratio                              3.30000E-01         0
             mass density                                0.00000E+00         0
             shear modulus                               2.59398E+04         0
             coefficient of thermal expansion            0.00000E+00         0
             Yield stress                                1.00000E+20         0
             cost per unit volume                        0.00000E+00         0
             cost per unit mass                          0.00000E+00         0


             from element          1 to element     351752 by          1

             fixed disp                                                                                                                                                      
             ----------


             read data from unit    5

             name of boundary condition apply1

             Displacements are applied incrementally relative to current position

             Prescribed Displacement for dof  1 =      0.00000E+00  table id is        0

             Prescribed Displacement for dof  2 =      0.00000E+00  table id is        0

             Prescribed Displacement for dof  3 =      0.00000E+00  table id is        0

             Prescribed Displacement for dof  4 =      0.00000E+00  table id is        0

             Prescribed Displacement for dof  5 =      0.00000E+00  table id is        0

             Prescribed Displacement for dof  6 =      0.00000E+00  table id is        0

             applied to node ids       

             apply1_nodes                                                                                                                                                    

             point load                                                                                                                                                      
             ----------


             read data from unit    5

             name of boundary condition apply2

             Prescribed Nodal Force    =      0.00000E+00  table id is        0

             Prescribed Nodal Force    =      2.50000E+02  table id is        0

             Prescribed Nodal Force    =      7.50000E+01  table id is        0

             Prescribed Nodal Force    =      0.00000E+00  table id is        0

             Prescribed Nodal Force    =      0.00000E+00  table id is        0

             Prescribed Nodal Force    =      0.00000E+00  table id is        0

             applied to node ids       

             apply2_nodes                                                                                                                                                    

             loadcase            job1                                                                                                                                        
             ----------


             activate boundary condition apply1

             activate boundary condition apply2

             rbe2                                                                                                                                                            
             ----------

             read from unit     5
             tying number                 =         1 to        819
             reference node               =     77965
             DOF of the tied nodes        =         0
             number of tied nodes in list =       819
             list of tied nodes:
                  41085     41086     41106     41121     41122     41123     41132     41133
                  41134     41135     41136     41137     41138     41139     41140     41141
                  41142     41143     41144     41145     41146     41147     41148     41149
                  41150     41151     41152     41153     41154     41155     41156     41157
                  41158     41159     41160     41161     41162     41163     41164     41165
                  41166     41167     41168     41169     41170     41171     41172     41173
                  41174     41175     41176     41177     41178     41179     41180     41181
                  41182     41183     41184     41185     41186     41187     41188     41189
                  41190     41191     41192     41193     41194     41195     41196     41197
                  41198     41199     41200     41201     41202     41203     43338     43339
                  43340     43341     43342     43343     43344     43345     43346     43347
                  43348     43349     43350     43351     43352     43353     43354     43355
                  43356     43357     43358     43359     43360     43361     43362     43363
                  43364     43365     43366     43367     43368     43369     43370     43371
                  43372     43373     43374     43375     43376     43377     43378     43379
                  43380     43381     43382     43383     43384     43385     43386     43387
                  43388     43389     43390     43391     43392     43393     43394     43395
                  43396     43397     43398     43399     43400     43401     43402     43403
                  43404     43405     43406     43407     43408     43409     43410     43411
                  43412     43413     43414     43415     43416     43417     43418     43419
                  43420     43421     43422     43423     43424     43425     43426     43427
                  43428     43429     43430     43431     43432     43433     43434     43435
                  43436     43437     43438     43439     43440     43441     43442     43443
                  43444     43445     43446     43447     43448     43449     43450     43451
                  43452     43453     43454     43455     43456     43457     43458     43459
                  43460     43461     43462     43463     43464     43465     43466     43467
                  43468     43469     43470     43471     43472     43473     43474     43475
                  43476     43477     43478     43479     43480     43481     43482     43483
                  43484     43485     43486     43487     43488     43489     43490     43491
                  43492     43493     43494     43495     43496     43497     43498     43499
                  43500     43501     43502     43503     43504     43505     43506     43507
                  43508     43509     43510     43511     43512     43513     43514     43515
                  43516     43517     43518     43519     43520     43521     43522     43523
                  43524     43525     43526     43527     43528     43529     43530     43531
                  43532     43533     43534     43535     43536     43537     43538     43539
                  43540     43541     43542     43543     43544     43545     43546     43547
                  43548     43549     43550     43551     43552     43553     43554     43555
                  43556     43557     43558     43559     43560     43561     43562     43563
                  43564     43565     43566     43567     43568     43569     43570     43571
                  43572     43573     43574     43575     43576     43577     43578     43579
                  43580     43581     43582     43583     43584     43585     43586     43587
                  43588     43589     43590     43591     43592     43593     43594     43595
                  43596     43597     43598     43599     43600     43601     43602     43603
                  43604     43605     43606     43607     43608     43609     43610     43611
                  43612     43613     43614     43615     43616     43617     43618     43619
                  43620     43621     43622     43623     43624     43625     43626     43627
                  43628     43629     43630     43631     43632     43633     43634     43635
                  43636     43637     43638     43639     43640     43641     43642     43643
                  43644     43645     43646     43647     43648     43649     43650     43651
                  43652     43653     43654     43655     43656     43657     43658     43659
                  43660     43661     43662     43663     43664     43665     43666     43667
                  43668     43669     43670     43671     43672     43673     43674     43675
                  43676     43677     43678     43679     43680     43681     43682     43683
                  43684     43685     43686     43687     43688     43689     43690     43691
                  43692     43693     43694     43695     43696     43697     43698     43699
                  43700     43701     43702     43703     43704     43705     43706     43707
                  43708     43709     43710     43711     43712     43713     43714     43715
                  43716     43717     43718     43719     43720     43721     43722     43723
                  43724     43725     43726     43727     43728     43729     43730     43731
                  43732     43733     43734     43735     43736     43737     43738     43739
                  43740     43741     43742     43743     43744     43745     43746     43747
                  43748     43749     43750     43751     43752     43753     43754     43755
                  43756     43757     43758     43759     43760     43761     43762     43763
                  43764     43765     43766     43767     43768     43769     43770     43771
                  43772     43773     43774     43775     43776     43777     43778     43779
                  43780     43781     43782     43783     43784     43785     43786     43787
                  43788     43789     43790     43791     43792     43793     43794     43795
                  43796     43797     43798     43799     43800     43801     43802     43803
                  43804     43805     43806     43807     43808     43809     43810     43811
                  43812     43813     43814     43815     43816     43817     43818     43819
                  43820     43821     43822     43823     43824     43825     43826     43827
                  43828     43829     43830     43831     43832     43833     43834     43835
                  43836     43837     43838     43839     43840     43841     43842     43843
                  43844     43845     43846     43847     43848     43849     43850     43851
                  43852     43853     43854     43855     43856     43857     43858     43859
                  43860     43861     43862     43863     43864     43865     43866     43867
                  43868     43869     43870     43871     43872     43873     43874     43875
                  43876     43877     43878     43879     43880     43881     43882     43883
                  43884     43885     43886     43887     43888     43889     43890     43891
                  43892     43893     43894     43895     43896     43897     43898     43899
                  43900     43901     43902     43903     43904     43905     43906     43907
                  43908     43909     43910     43911     43912     43913     43914     43915
                  43916     43917     43918     43919     43920     43921     43922     43923
                  43924     43925     43926     43927     43928     43929     43930     43931
                  43932     43933     43934     43935     43936     43937     43938     43939
                  43940     43941     43942     43943     43944     43945     43946     43947
                  43948     43949     43950     43951     43952     43953     43954     43955
                  43956     43957     43958     43959     43960     43961     43962     43963
                  43964     43965     43966     43967     43968     43969     43970     43971
                  43972     43973     43974     43975     43976     43977     43978     43979
                  43980     43981     43982     43983     43984     43985     43986     43987
                  43988     43989     43990     43991     43992     43993     43994     43995
                  43996     43997     43998     43999     44000     44001     44002     44003
                  44004     44005     44006     44007     44008     44009     44010     44011
                  44012     44013     44014     44015     44016     44017     44018     44019
                  44020     44021     44022     44023     44024     44025     44026     44027
                  44028     44029     44030     44031     44032     44033     44034     44035
                  44036     44037     44038     44039     44040     44041     44042     44043
                  44044     44045     44046     44047     44048     44049     44050     44051
                  44052     44053     44054     44055     44056     44057     44058     44059
                  44060     44061     44062     44063     44064     44065     44066     44067
                  44068     44069     44070     44071     44072     44073     44074     44075
                  44076     44077     44078
             tying number                 =       820 to       1053
             reference node               =     77966
             DOF of the tied nodes        =         0
             number of tied nodes in list =       234
             list of tied nodes:
                  41080     41081     41101     41110     41112     41113     41860     41861
                  41862     41863     41864     41865     41866     41867     41868     41869
                  41870     41871     41872     41873     41874     41875     41876     41877
                  41878     41879     41880     41881     41882     41883     41884     41885
                  41886     41887     41888     41889     41890     41891     41892     41893
                  41894     41895     42388     42389     42390     42391     42392     42393
                  42394     42395     42396     42397     42398     42399     42400     42401
                  42402     42403     42404     42405     42406     42407     42408     42409
                  42410     42411     42412     42413     42414     42415     42416     42417
                  42418     42419     42420     42421     42422     42423     77809     77810
                  77811     77812     77813     77814     77815     77816     77817     77818
                  77819     77820     77821     77822     77823     77824     77825     77826
                  77827     77828     77829     77830     77831     77832     77833     77834
                  77835     77836     77837     77838     77839     77840     77841     77842
                  77843     77844     77845     77846     77847     77848     77849     77850
                  77851     77852     77853     77854     77855     77856     77857     77858
                  77859     77860     77861     77862     77863     77864     77865     77866
                  77867     77868     77869     77870     77871     77872     77873     77874
                  77875     77876     77877     77878     77879     77880     77881     77882
                  77883     77884     77885     77886     77887     77888     77889     77890
                  77891     77892     77893     77894     77895     77896     77897     77898
                  77899     77900     77901     77902     77903     77904     77905     77906
                  77907     77908     77909     77910     77911     77912     77913     77914
                  77915     77916     77917     77918     77919     77920     77921     77922
                  77923     77924     77925     77926     77927     77928     77929     77930
                  77931     77932     77933     77934     77935     77936     77937     77938
                  77939     77940     77941     77942     77943     77944     77945     77946
                  77947     77948     77949     77950     77951     77952     77953     77954
                  77955     77956     77957     77958     77959     77960     77961     77962
                  77963     77964
             tying number                 =      1054 to       1287
             reference node               =     77967
             DOF of the tied nodes        =         0
             number of tied nodes in list =       234
             list of tied nodes:
                  41092     41093     41094     41095     41104     41115     42316     42317
                  42318     42319     42320     42321     42322     42323     42324     42325
                  42326     42327     42328     42329     42330     42331     42332     42333
                  42334     42335     42336     42337     42338     42339     42340     42341
                  42342     42343     42344     42345     42346     42347     42348     42349
                  42350     42351     42352     42353     42354     42355     42356     42357
                  42358     42359     42360     42361     42362     42363     42364     42365
                  42366     42367     42368     42369     42370     42371     42372     42373
                  42374     42375     42376     42377     42378     42379     42380     42381
                  42382     42383     42384     42385     42386     42387     58325     58326
                  58327     58328     58329     58330     58331     58332     58333     58334
                  58335     58336     58337     58338     58339     58340     58341     58342
                  58343     58344     58345     58346     58347     58348     58349     58350
                  58351     58352     58353     58354     58355     58356     58357     58358
                  58359     58360     58361     58362     58363     58364     58365     58366
                  58367     58368     58369     58370     58371     58372     58373     58374
                  58375     58376     58377     58378     58379     58380     58381     58382
                  58383     58384     58385     58386     58387     58388     58389     58390
                  58391     58392     58393     58394     58395     58396     58397     58398
                  58399     58400     58401     58402     58403     58404     58405     58406
                  58407     58408     58409     58410     58411     58412     58413     58414
                  58415     58416     58417     58418     58419     58420     58421     58422
                  58423     58424     58425     58426     58427     58428     58429     58430
                  58431     58432     58433     58434     58435     58436     58437     58438
                  58439     58440     58441     58442     58443     58444     58445     58446
                  58447     58448     58449     58450     58451     58452     58453     58454
                  58455     58456     58457     58458     58459     58460     58461     58462
                  58463     58464     58465     58466     58467     58468     58469     58470
                  58471     58472     58473     58474     58475     58476     58477     58478
                  58479     58480

             no print                                                                                                                                                        
             ----------


             post                                                                                                                                                            
             ----------

             number of element variables on post file:    3

             binary post file will be used

             initial output frequency of post file:       1

             MSC.Marc 2005 style post file

             post variable     1 is post code   17 =                                                 
             post variable     2 is post code  311 =                                                 
             post variable     8 is post code  401 =                                                 
             maximum record length on binary post file=          77967
             approximate no. of words per increment on file=        4572792


             parameters                                                                                                                                                      
             ----------


             parameters set as follows 

             predictor used for stress-strain calculation    1.00000E+00
             penalty factor for boundary conditions          1.00000E+09
             penalty for incompressibility - r-p flow        1.00000E+02
             penalty for incompressibility - fluid flow      1.00000E+06
             beta parameter for Newmark operator             2.50000E-01
             gamma parameter for Newmark operator            5.00000E-01
             gamma1 parameter for Single-Step-Houbolt        1.50000E+00
             gamma parameter for Single-Step-Houbolt        -5.00000E-01
             sharp angle for sticking/separating - 2D        8.62500E+00
             sharp angle for sticking/separating - 3D        2.00000E+01
             initial strain rate for r-p flow                1.00000E-04
             lowest strain rate cut-off for r-p flow         1.00000E-06
             fraction of dilatational stress neglected       1.00000E+00
             factor for drilling d.o.f for shells            1.00000E-04
             factor for displacement after rezoning          1.00000E+00

             universal gas constant                          8.31400E+00
             absolute temperature offset                     2.73150E+02
             thermal properties evaluation weight            5.00000E-01
             surface projection factor in ssh dynamics       0.00000E+00
             Stefan Boltzmann constant                       5.67051E-08
             Planck's second radiation constant              1.43877E-02
             Speed of light in vacuum                        2.99790E+08
             Permeability of vacuum                          1.25664E-06
             Permittivity of vacuum                          8.85419E-12
             maximum iterative displacement component        1.00000E+30
             initial stiffness to simulate sticking          0.00000E+00
             minimum angle between the normal vectors of 
             contacting segments                             1.20000E+02
             radiation reflection cut-off                    1.00000E-03
             angle for averaging adjacent beams (s2s)        1.60000E+02
             stabilizer stiffness for model sections         0.00000E+00

             maximum change in temperature per iteration     1.00000E+02
             maximum rbe3 conditioning number                0.10000E+07

             end option                                                                                                                                                      
             ----------

             wall time =          13.00

             wall time =          14.00


             direct symmetric multi-frontal sparse solver is invoked for region   1


             number of element groups used:         1

                group     # elements     element type     material                             formulation

                   1      351752           134                1                                    S
 
               formulation:
                     S:   small displacement
 

     **** note ****
     can not find the following flow-data file 
     in job directory or in the material library:
     C:\MSC.Software\Marc\2013.1.0\marc2013.1\AF_flowmat\material1.mat
     This is ok if no separate flow-data file is required.
     Otherwise please provide the data file or result
     will be wrong.



             maximum connectivity in stiffness matrix is       1703 at node      77965



             maximum half-bandwidth is      77534  between nodes        434  and      77967

             number of profile entries excluding fill-in is          547221



             total workspace needed with in-core matrix storage =        71281687
               part of solver workspace is allocated separately
             general memory increasing from      53 MByte to     271 MByte


             memory increased to        71281687 words during 
             sizing for operator matrix





             total workspace needed with in-core matrix storage =        71281687
               part of solver workspace is allocated separately

             allocated         72 words of memory due to kinematic boundary conditions







             load increments for each degree of freedom
             summed over the whole model

             from distributed loads
             dist. loads on undeformed configuration - increments for dist. loads
             increments for point loads
             0.000000E+00   0.000000E+00   0.000000E+00   0.000000E+00   0.000000E+00   0.000000E+00


             point loads
             0.000000E+00   5.000000E+02   1.500000E+02   0.000000E+00   0.000000E+00   0.000000E+00

             start of assembly     cycle number is     0
             wall time =          14.00




             solver workspace for phase1 (matrix input)    (64bit words) =          664178 (      5.07 MByte)
             Metis nested dissection ordering used
             solver workspace for phase2 (nodal ordering)  (64bit words) =         2003117 (     15.28 MByte)
             solver workspace for phase3 (symbolic factor) (64bit words) =         4410682 (     33.65 MByte)
             solver workspace for phase4 (factorization)   (64bit words) =         9982736 (     76.16 MByte) (MINIMUM)
             solver workspace for phase4 (factorization)   (64bit words) =        81875350 (    624.66 MByte) (MAXIMUM)
             solver workspace available and used           (64bit words) =        85969117 (    655.89 MByte)


             start of matrix solution
             wall time =          20.00



             singularity ratio    7.3718E-04


             end of matrix solution
             wall time =          25.00



             element with highest stress relative to yield is     226918
             where equivalent stress is 5.947E-19  of yield







   Windows version
    Marc 2013.1.0, Build 230727  build date: Sat Oct 26 13:00:39 2013
   output for increment       0. "          job1"


             total strain energy         is    2.76890E+01
               within which:
               elastic strain energy     is    2.76890E+01
             total ext-force work        is    2.76890E+01
               within which:
               work by appl. force/disp. is    2.76890E+01
               work by frictional forces is    0.00000E+00


             memory usage:                       MByte       words  % of total

              within general memory:           
               element stiffness matrices:          42    10893236         3.1
               solver: first part                  229    60035472        16.9
               overallocation initial allocation     0           4         0.0
               other:                                1      352975         0.1
              allocated separately:
               solver 8                            651   170609878        48.0
               nodal vectors:                       79    20583296         5.8
               defined sets:                         0        1488         0.0
               tyings:                               0       92681         0.0
               transformations:                      1      155934         0.0
               kinematic boundary conditions:        0         640         0.0
               points, curves and surfaces:          0          54         0.0
               mem_none:                            35     9065371         2.6
               element storage:                    291    76330334        21.5
               material properties:                  0        2032         0.0
               executable and common blocks:        27     7000000         2.0
               miscellaneous                         0         111         0.0
               ---------------------------------------------------------------
               total:                             1355   355123506

               general memory allocated:           272    71281687
               general memory used:                272    71281683

               peak memory usage:                 1390   364326066

             e n d   o f   i n c r e m e n t       0

             binary post data at increment       0.  subincrement    0.  on file 16
             wall time =          27.00


             $...................                                                                                                                                            


                              *** end of input deck - job ends


             memory usage:                       MByte       words  % of total

              within general memory:           
               element stiffness matrices:          42    10893236         3.1
               solver: first part                  229    60035472        16.9
               overallocation initial allocation     0           4         0.0
               other:                                1      352975         0.1
              allocated separately:
               solver 8                            651   170609878        48.0
               nodal vectors:                       79    20583296         5.8
               defined sets:                         0        1488         0.0
               tyings:                               0       92681         0.0
               transformations:                      1      155934         0.0
               kinematic boundary conditions:        0         640         0.0
               points, curves and surfaces:          0          54         0.0
               mem_none:                            35     9065371         2.6
               element storage:                    291    76330334        21.5
               material properties:                  0        2032         0.0
               executable and common blocks:        27     7000000         2.0
               miscellaneous                         0         111         0.0
               ---------------------------------------------------------------
               total:                             1355   355123506

               general memory allocated:           272    71281687
               general memory used:                272    71281683

               peak memory usage:                 1390   364326066


             timing information:                       wall time      cpu time

               total time for input:                        9.90          9.67
               total time for stiffness assembly:           1.60          1.59
               total time for stress recovery:              0.79          0.80
               total time for matrix solution:              8.77          7.99
               total time for output:                       1.48          1.44
               total time for miscellaneous:                4.32          1.40
               ---------------------------------------------------------------
               total time:                                 26.87         22.89


             **************************************************************************


             
             This is a successful completion to a Marc simulation,
             indicating that no additional incremental data was
             found and that the analysis is complete.
             




             **************************************************************************





                                         Marc 2013.1.0

                                        Exit number 3004

