Marc Mentat (C)Copyright 1994-2018, MSC Software Corporation, all rights reserved
Command > *open_model "h:\year 3\spring term\bacsa\cw\bracket0.5.mud"
File is Mentat, version unknown.
Model file h:\year 3\spring term\bacsa\cw\bracket0.5.mud opened for reading.
Model h:\year 3\spring term\bacsa\cw\bracket0.5 opened.
Command > *fill_view
Command > *edit_apply Tension
Enter apply name : 
Enter apply name : *edit_apply Tension
Command > *edit_apply Shear
Enter apply name : 
Enter apply name : *edit_apply Shear
Command > *edit_apply Compression
Enter apply name : 
Enter apply name : *edit_apply Compression
Command > *edit_apply Tension
Enter apply name : 
Enter apply name : *edit_apply Tension
Command > *edit_apply Shear
Enter apply name : 
Enter apply name : *edit_apply Shear
Command > *edit_job Compression
Enter edit job : 
Enter edit job : *edit_job Compression
Command > *job_option elastic:on
Command > *edit_job Tension
Enter edit job : 
Enter edit job : *edit_job Tension
Command > *edit_job Compression+Shear
Enter edit job : 
Enter edit job : *edit_job Compression+Shear
Command > *set_save_formatted off *save_as_model "Coursework 2 - LUIS Chaves\Q4.mud" yes
ERROR: Disk full - model not saved to Coursework 2 - LUIS Chaves\Q4.mud.
Command > *identify_classes *regenerate
Command > *save_model *quit yes
Model file Coursework 2 - LUIS Chaves\Q4.mud opened for writing.
ERROR: Disk full - model not saved to Coursework 2 - LUIS Chaves\Q4.
