                            M               M
                            W               W
                          MMMMM           MMMMM
                          WWWWW           WWWWW
                        MMMMMMMMM       MMMMMMMMM
                        WWWWWWWWW       WWWWWWWWW
                      MMMMMMMMMMMMM   MMMMMMMMMMMMM
                      WWWWWWWWWWWWW   WWWWWWWWWWWWW
                    MMMMMMMMMMMMMMMMMMMMMMMMMMMMMMMMM
                    WWWWWWWWWWWWWWWWWWWWWWWWWWWWWWWWW
                    MMMMMMMM MMMMMMMMMMMMMMM MMMMMMMM
                    WWWWWWWW WWWWWWWWWWWWWWW WWWWWWWW
                    MMMMMM     MMMMMMMMMMM     MMMMMM
                    WWWWWW     WWWWWWWWWWW     WWWWWW
                    MMMM         MMMMMMM         MMMM
                    WWWW         WWWWWWW         WWWW
                    MM             MMM             MM
                    WW             WWW             WW
                    M               M               M
                    W               W               W
                    MM             MMM             MM
                    WW             WWW             WW
                    MMMM         MMMMMMM         MMMM
                    WWWW         WWWWWWW         WWWW
                    MMMMMM     MMMMMMMMMMM     MMMMMM
                    WWWWWW     WWWWWWWWWWW     WWWWWW
                    MMMMMMMM MMMMMMMMMMMMMMM MMMMMMMM
                    WWWWWWWW WWWWWWWWWWWWWWW WWWWWWWW
                    MMMMMMMMMMMMMMMMMMMMMMMMMMMMMMMMM
                    WWWWWWWWWWWWWWWWWWWWWWWWWWWWWWWWW
                      MMMMMMMMMMMMM   MMMMMMMMMMMMM
                      WWWWWWWWWWWWW   WWWWWWWWWWWWW
                        MMMMMMMMM       MMMMMMMMM
                        WWWWWWWWW       WWWWWWWWW
                          MMMMM           MMMMM
                          WWWWW           WWWWW
                            M               M
                            W               W

             version:  Marc 2013.1.0, Build 230727  build date: Sat Oct 26 13:00:39 2013

             machine type: Windows

             integer*4 version: integers are 32-bits

             date: Tue Mar 13 17:52:05 2018


             (c) COPYRIGHT 2013 MSC Software Corporation, all rights reserved

                     Marc 2013.1.0 - W i n d o w s       

                     i n p u t   d a t a


                p a g e          1

                             10        20        30        40        50        60        70        80        90       100       110       120       130       140       150       160
                     ----------------------------------------------------------------------------------------------------------------------------------------------------------------
                     title               job2
                     $....MARC input file produced by Marc Mentat 2013.1.0 (64bit)
                     $...................................
                     $....input file using extended precision
    card         5   extended
                     $...................................
                     sizing                                 0        64       125         0
                     alloc                       25
                     elements                     7
    card        10   version                     11
                     table                        0         0         2         1         1         0         0         1
                     processor                    1         1         1         0
                     ----------------------------------------------------------------------------------------------------------------------------------------------------------------
                             10        20        30        40        50        60        70        80        90       100       110       120       130       140       150       160
                     ----------------------------------------------------------------------------------------------------------------------------------------------------------------
                     ----------------------------------------------------------------------------------------------------------------------------------------------------------------
1
             general memory increasing from      25 MByte to      53 MByte


             memory increased to        14001932 words during 
             pre-reading of sets



   MSC Customer Entitlement ID
        56AC76BE-2832F2FA



                    *************************************************
                    *************************************************

                     program sizing and options requested as follows



                     element type requested*************************         7
                     number of elements in mesh*********************        64
                     number of nodes in mesh************************       125
                     load correction was suppressed*****************
                     elastic re-analysis flagged********************
                     values stored at all integration points********
                     tape no.for input of coordinates + connectivity         5
                     no.of different materials    1 max.no of slopes         5
                     number of points on shell section *************        11
                     new style input format will be used************
                     total number of tasks   used ******************         1
                     total number of threads used ******************         1
                     total number of processors used ***************         1
                     extended precision input is used ************** 
                     Marc input version ****************************        11
                     maximum number of boundary conditions *********         4
                     suppress echo of list items *******************
                     suppress echo of bc summary *******************
                     suppress echo of nurbs data *******************


                     end of parameters and sizing
                    *************************************************
                    *************************************************





                              key to stress, strain and displacement output



                                        element type         7


                              8-node isoparametric brick                             

                              stresses and strains in global directions               
                                1=xx                                                  
                                2=yy                                                  
                                3=zz                                                  
                                4=xy                                                  
                                5=yz                                                  
                                6=xz                                                  
                                                                                      
                              displacements in global directions                      
                                1=u global x direction                                
                                2=v global y direction                                
                                3=w global z direction                                

             allocated      17632 words of memory due to nodal vectors


             allocated       1134 words of memory due to boundary conditions


             allocated          7 words of memory due to geometric points


             allocated         32 words of memory due to geometric curves


             allocated         15 words of memory due to geometric surfaces


             allocated        250 words of memory due to shell, user or contact transformations



             workspace needed for input and stiffness assembly:           44763


             internal core allocation parameters
             degrees of freedom per node (ndeg)  3
             max. number of coordinates per node  3
             max. nodes per element (nnodmx)  8
             max. invariants per int. points (neqst)  1
             max.stress components per int. point (nstrmx)   6
             strains per integration point (ngens)  6


             flag for element storage (ielsto)  0
             element data in core

             memory usage per element group
                group   # elements     nelsto      MByte            words
                  1           64        1062           0             67968
                ----------------------------------------------------------
                total         64                       0             67968


                              internal element variables



                              internal element number         1  library code type    7
                              number of nodes=  8
                              stresses stored per integration point =  6
                              direct continuum components stored =  3
                              shear continuum components stored =  3
                              shell/beam flag = 0
                              curvilinear  coord. flag = 0
                              int.points for elem. stiffness  8
                              number of local inertia directions  3
                              int.point for print if all points not flagged  9
                              int. points for dist. surface loads (pressure)  4
                              library code type =     7
                              large disp. row counts     6    6    6   11   11   11



                              residual load correction is switched off



             $...................                                                                                                                                            

             solver                                                                                                                                                          
             ----------


             multifrontal direct sparse solver invoked

             optimize                    11                                                                                                                                  
             ----------



             metis nested dissection algorithm

             connectivity                                                                                                                                                    
             ----------

                meshr1,  iprnt
                      5      1
                elem no., type,        nodes

             coordinates                                                                                                                                                     
             ----------

             ncrd1 ,meshr1,iprnt
                    3         5         1
                   node      coordinates

             define              node                set                 symmetry_z_nodes                                                                                    
             ----------

             a list of nodes given below 
                   234       239       244       249       254       303       305       307       309       345       390       435       465
                     echo suppressed for         3 items
                     total number of items read:        16

             define              node                set                 fix_bottom_y_nodes                                                                                  
             ----------

             a list of nodes given below 
                     1         2         7        10       233       234       235       237       238       239       240       241       242
                     echo suppressed for        12 items
                     total number of items read:        25

             define              node                set                 symmetry_x_nodes                                                                                    
             ----------

             a list of nodes given below 
                   242       243       244       245       246       366       368       370       372       381       390       399       402
                     echo suppressed for         3 items
                     total number of items read:        16

             define              facemt              set                 apply6_faces                                                                                        
             ----------

                    21: 5        25: 5        29: 5        33: 5        37: 5        41: 5        45: 5        49: 5
                     echo suppressed for         8 items
                     total number of items read:        16

             isotropic                                                                                                                                                       
             ----------


             isotropic material  material id =          1
              elastic    yield criteria
              isotropic  hardening rule

             material name is:       material1               


                 structural  property                         value       table id


             Youngs modulus                              5.00000E+01         0
             Poissons ratio                              4.90000E-01         0
             mass density                                0.00000E+00         0
             shear modulus                               1.67785E+01         0
             coefficient of thermal expansion            0.00000E+00         0
             Yield stress                                1.00000E+20         0
             cost per unit volume                        0.00000E+00         0
             cost per unit mass                          0.00000E+00         0


             from element         18 to element         81 by          1

             geometry                                                                                                                                                        
             ----------

             from element         18 to element         81 by          1

             geometry id =          1

             geometric parameter       value
                       1             0.00000E+00
                       2             0.00000E+00
                       3             0.00000E+00
                       4             0.00000E+00
                       5             0.00000E+00
                       6             0.00000E+00
                       7             0.00000E+00
                       8             0.00000E+00

             fixed disp                                                                                                                                                      
             ----------


             read data from unit    5

             name of boundary condition symmetry_z

             Displacements are applied incrementally relative to current position

             Prescribed Displacement for dof  3 =      0.00000E+00  table id is        0

             applied to node ids       

             symmetry_z_nodes                                                                                                                                                

             name of boundary condition fix_bottom_y

             Displacements are applied incrementally relative to current position

             Prescribed Displacement for dof  2 =      0.00000E+00  table id is        0

             applied to node ids       

             fix_bottom_y_nodes                                                                                                                                              

             name of boundary condition symmetry_x

             Displacements are applied incrementally relative to current position

             Prescribed Displacement for dof  1 =      0.00000E+00  table id is        0

             applied to node ids       

             symmetry_x_nodes                                                                                                                                                

             dist loads                                                                                                                                                      
             ----------


             read data from unit    5

             name of boundary condition apply6

             Load Type     1

             Prescribed Distributed Pressure =      1.00000E+01  table id is        0

             Prescribed Distributed Pressure =      0.00000E+00  table id is        0

             Prescribed Distributed Pressure =      0.00000E+00  table id is        0

             applied to elem mn-face   

             apply6_faces                                                                                                                                                    

             loadcase            job2                                                                                                                                        
             ----------


             activate boundary condition symmetry_z

             activate boundary condition fix_bottom_y

             activate boundary condition symmetry_x

             activate boundary condition apply6

             no print                                                                                                                                                        
             ----------


             post                                                                                                                                                            
             ----------

             number of element variables on post file:    3

             binary post file will be used

             initial output frequency of post file:       1

             MSC.Marc 2005 style post file

             post variable     1 is post code   17 =                                                 
             post variable     2 is post code  311 =                                                 
             post variable     8 is post code  401 =                                                 
             maximum record length on binary post file=            125
             approximate no. of words per increment on file=           6672


             parameters                                                                                                                                                      
             ----------


             parameters set as follows 

             predictor used for stress-strain calculation    1.00000E+00
             penalty factor for boundary conditions          1.00000E+09
             penalty for incompressibility - r-p flow        1.00000E+02
             penalty for incompressibility - fluid flow      1.00000E+06
             beta parameter for Newmark operator             2.50000E-01
             gamma parameter for Newmark operator            5.00000E-01
             gamma1 parameter for Single-Step-Houbolt        1.50000E+00
             gamma parameter for Single-Step-Houbolt        -5.00000E-01
             sharp angle for sticking/separating - 2D        8.62500E+00
             sharp angle for sticking/separating - 3D        2.00000E+01
             initial strain rate for r-p flow                1.00000E-04
             lowest strain rate cut-off for r-p flow         1.00000E-06
             fraction of dilatational stress neglected       1.00000E+00
             factor for drilling d.o.f for shells            1.00000E-04
             factor for displacement after rezoning          1.00000E+00

             universal gas constant                          8.31400E+00
             absolute temperature offset                     2.73150E+02
             thermal properties evaluation weight            5.00000E-01
             surface projection factor in ssh dynamics       0.00000E+00
             Stefan Boltzmann constant                       5.67051E-08
             Planck's second radiation constant              1.43877E-02
             Speed of light in vacuum                        2.99790E+08
             Permeability of vacuum                          1.25664E-06
             Permittivity of vacuum                          8.85419E-12
             maximum iterative displacement component        1.00000E+30
             initial stiffness to simulate sticking          0.00000E+00
             minimum angle between the normal vectors of 
             contacting segments                             1.20000E+02
             radiation reflection cut-off                    1.00000E-03
             angle for averaging adjacent beams (s2s)        1.60000E+02
             stabilizer stiffness for model sections         0.00000E+00

             maximum change in temperature per iteration     1.00000E+02
             maximum rbe3 conditioning number                0.10000E+07

             end option                                                                                                                                                      
             ----------

             wall time =           1.00

             wall time =           1.00


             direct symmetric multi-frontal sparse solver is invoked for region   1


             number of element groups used:         1

                group     # elements     element type     material                             formulation

                   1          64             7                1                                    S
 
               formulation:
                     S:   small displacement
 

     **** note ****
     can not find the following flow-data file 
     in job directory or in the material library:
     C:\MSC.Software\Marc\2013.1.0\marc2013.1\AF_flowmat\material1.mat
     This is ok if no separate flow-data file is required.
     Otherwise please provide the data file or result
     will be wrong.



             maximum connectivity in stiffness matrix is         20 at node        420



             maximum half-bandwidth is        123  between nodes          3  and        480

             number of profile entries excluding fill-in is            1161



             total workspace needed with in-core matrix storage =           76861
               part of solver workspace is allocated separately

             allocated        684 words of memory due to kinematic boundary conditions







             load increments for each degree of freedom
             summed over the whole model

             from distributed loads
             dist. loads on undeformed configuration - increments for dist. loads
             increments for point loads
             0.000000E+00  -1.000000E+01  -1.110223E-15


             point loads
             0.000000E+00   0.000000E+00   0.000000E+00

             start of assembly     cycle number is     0
             wall time =           1.00




             solver workspace for phase1 (matrix input)    (64bit words) =            1355 (      0.01 MByte)
             Metis nested dissection ordering used
             solver workspace for phase2 (nodal ordering)  (64bit words) =           12319 (      0.09 MByte)
             solver workspace for phase3 (symbolic factor) (64bit words) =           10074 (      0.08 MByte)
             solver workspace for phase4 (factorization)   (64bit words) =           43270 (      0.33 MByte) (MINIMUM)
             solver workspace for phase4 (factorization)   (64bit words) =           81469 (      0.62 MByte) (MAXIMUM)
             solver workspace available and used           (64bit words) =         1000000 (      7.63 MByte)


             start of matrix solution
             wall time =           1.00



             singularity ratio    1.3235E-01


             end of matrix solution
             wall time =           1.00



             element with highest stress relative to yield is         18
             where equivalent stress is 1.000E-19  of yield







   Windows version
    Marc 2013.1.0, Build 230727  build date: Sat Oct 26 13:00:39 2013
   output for increment       0. "          job2"


             total strain energy         is    1.00000E+00
               within which:
               elastic strain energy     is    1.00000E+00
             total ext-force work        is    1.00000E+00
               within which:
               work by appl. force/disp. is    1.00000E+00
               work by frictional forces is    0.00000E+00


             memory usage:                       MByte       words  % of total

              within general memory:           
               element stiffness matrices:           0       43272         0.2
               solver: first part                    0       32098         0.1
               overallocation initial allocation    53    13925075        60.3
               other:                                0        1487         0.0
              allocated separately:
               solver 8                              8     1997290         8.6
               nodal vectors:                        0       17757         0.1
               defined sets:                         0         287         0.0
               transformations:                      0         250         0.0
               kinematic boundary conditions:        0        1818         0.0
               points, curves and surfaces:          0          54         0.0
               mem_none:                             0       14982         0.1
               element storage:                      0       70030         0.3
               material properties:                  0        2032         0.0
               executable and common blocks:        27     7000000        30.3
               miscellaneous                         0         111         0.0
               ---------------------------------------------------------------
               total:                               88    23106543

               general memory allocated:            53    14001932
               general memory used:                  0       76857

               peak memory usage:                  105    27555560

             e n d   o f   i n c r e m e n t       0

             binary post data at increment       0.  subincrement    0.  on file 16
             wall time =           1.00


             $...................                                                                                                                                            


                              *** end of input deck - job ends


             memory usage:                       MByte       words  % of total

              within general memory:           
               element stiffness matrices:           0       43272         0.2
               solver: first part                    0       32098         0.1
               overallocation initial allocation    53    13925075        60.3
               other:                                0        1487         0.0
              allocated separately:
               solver 8                              8     1997290         8.6
               nodal vectors:                        0       17757         0.1
               defined sets:                         0         287         0.0
               transformations:                      0         250         0.0
               kinematic boundary conditions:        0        1818         0.0
               points, curves and surfaces:          0          54         0.0
               mem_none:                             0       14982         0.1
               element storage:                      0       70030         0.3
               material properties:                  0        2032         0.0
               executable and common blocks:        27     7000000        30.3
               miscellaneous                         0         111         0.0
               ---------------------------------------------------------------
               total:                               88    23106543

               general memory allocated:            53    14001932
               general memory used:                  0       76857

               peak memory usage:                  105    27555560


             timing information:                       wall time      cpu time

               total time for input:                        0.02          0.02
               total time for stiffness assembly:           0.00          0.02
               total time for stress recovery:              0.00          0.00
               total time for matrix solution:              0.03          0.00
               total time for output:                       0.01          0.00
               total time for miscellaneous:                1.07          0.41
               ---------------------------------------------------------------
               total time:                                  1.13          0.44


             **************************************************************************


             
             This is a successful completion to a Marc simulation,
             indicating that no additional incremental data was
             found and that the analysis is complete.
             




             **************************************************************************





                                         Marc 2013.1.0

                                        Exit number 3004

